[ 2014-08-11T21:01:44+08:00 ] 127.0.0.1 /
INFO: [ app_init ] --START--
INFO: Run Behavior\BuildLiteBehavior [ RunTime:0.000000s ]
INFO: [ app_init ] --END-- [ RunTime:0.092005s ]
INFO: [ app_begin ] --START--
INFO: Run Behavior\ReadHtmlCacheBehavior [ RunTime:0.021001s ]
INFO: [ app_begin ] --END-- [ RunTime:0.021001s ]
INFO: [ view_parse ] --START--
INFO: [ template_filter ] --START--
INFO: Run Behavior\ContentReplaceBehavior [ RunTime:0.000000s ]
INFO: [ template_filter ] --END-- [ RunTime:0.000000s ]
INFO: Run Behavior\ParseTemplateBehavior [ RunTime:0.280016s ]
INFO: [ view_parse ] --END-- [ RunTime:0.280016s ]
INFO: [ view_filter ] --START--
INFO: Run Behavior\WriteHtmlCacheBehavior [ RunTime:0.056003s ]
INFO: Run Behavior\TokenBuildBehavior [ RunTime:0.013001s ]
INFO: [ view_filter ] --END-- [ RunTime:0.070004s ]

[ 2014-08-11T21:01:47+08:00 ] 127.0.0.1 /index.php/Admin/Login/login.html
INFO: [ app_init ] --START--
INFO: Run Behavior\BuildLiteBehavior [ RunTime:0.001000s ]
INFO: [ app_init ] --END-- [ RunTime:0.001000s ]
INFO: [ app_begin ] --START--
INFO: Run Behavior\ReadHtmlCacheBehavior [ RunTime:0.001000s ]
INFO: [ app_begin ] --END-- [ RunTime:0.003000s ]
INFO: [ view_parse ] --START--
INFO: [ template_filter ] --START--
INFO: Run Behavior\ContentReplaceBehavior [ RunTime:0.000000s ]
INFO: [ template_filter ] --END-- [ RunTime:0.000000s ]
INFO: Run Behavior\ParseTemplateBehavior [ RunTime:0.022001s ]
INFO: [ view_parse ] --END-- [ RunTime:0.022001s ]
INFO: [ view_filter ] --START--
INFO: Run Behavior\WriteHtmlCacheBehavior [ RunTime:0.001000s ]
INFO: Run Behavior\TokenBuildBehavior [ RunTime:0.000000s ]
INFO: [ view_filter ] --END-- [ RunTime:0.001000s ]
INFO: [ app_end ] --START--
INFO: Run Behavior\ShowPageTraceBehavior [ RunTime:0.012000s ]
INFO: [ app_end ] --END-- [ RunTime:0.012000s ]

[ 2014-08-11T21:01:50+08:00 ] 127.0.0.1 /index.php/Admin/Login/codeImg
INFO: [ app_init ] --START--
INFO: Run Behavior\BuildLiteBehavior [ RunTime:0.000000s ]
INFO: [ app_init ] --END-- [ RunTime:0.001000s ]
INFO: [ app_begin ] --START--
INFO: Run Behavior\ReadHtmlCacheBehavior [ RunTime:0.001000s ]
INFO: [ app_begin ] --END-- [ RunTime:0.002000s ]
INFO: [ app_end ] --START--
INFO: Run Behavior\ShowPageTraceBehavior [ RunTime:0.004000s ]
INFO: [ app_end ] --END-- [ RunTime:0.004000s ]

[ 2014-08-11T21:02:03+08:00 ] 127.0.0.1 /index.php/Admin/Login/login.html
INFO: [ app_init ] --START--
INFO: Run Behavior\BuildLiteBehavior [ RunTime:0.000000s ]
INFO: [ app_init ] --END-- [ RunTime:0.001000s ]
INFO: [ app_begin ] --START--
INFO: Run Behavior\ReadHtmlCacheBehavior [ RunTime:0.001000s ]
INFO: [ app_begin ] --END-- [ RunTime:0.001000s ]
SQL: SHOW COLUMNS FROM `sh_admin` [ RunTime:1.395080s ]
SQL: SELECT * FROM `sh_admin` WHERE ( username='admin' ) LIMIT 1   [ RunTime:0.231013s ]
SQL: SHOW COLUMNS FROM `sh_role` [ RunTime:0.094006s ]
SQL: SELECT `pri_id_list` FROM `sh_role` WHERE ( `id` = 1 ) LIMIT 1   [ RunTime:0.002000s ]
SQL: SHOW COLUMNS FROM `sh_privilege` [ RunTime:0.170010s ]
SQL: SELECT * FROM `sh_privilege` WHERE ( parent_id=0 )  [ RunTime:0.014000s ]
SQL: SELECT * FROM `sh_privilege` WHERE ( parent_id=7 )  [ RunTime:0.002001s ]
SQL: SELECT * FROM `sh_privilege` WHERE ( parent_id=13 )  [ RunTime:0.001000s ]
SQL: SELECT * FROM `sh_privilege` WHERE ( parent_id=25 )  [ RunTime:0.001000s ]
SQL: SELECT * FROM `sh_privilege` WHERE ( parent_id=28 )  [ RunTime:0.001000s ]
SQL: SELECT * FROM `sh_privilege` WHERE ( parent_id=50 )  [ RunTime:0.001000s ]
SQL: SELECT * FROM `sh_privilege` WHERE ( parent_id=53 )  [ RunTime:0.001000s ]
INFO: [ view_parse ] --START--
INFO: [ template_filter ] --START--
INFO: Run Behavior\ContentReplaceBehavior [ RunTime:0.000000s ]
INFO: [ template_filter ] --END-- [ RunTime:0.000000s ]
INFO: Run Behavior\ParseTemplateBehavior [ RunTime:0.013001s ]
INFO: [ view_parse ] --END-- [ RunTime:0.013001s ]
INFO: [ view_filter ] --START--
INFO: Run Behavior\WriteHtmlCacheBehavior [ RunTime:0.002000s ]
INFO: Run Behavior\TokenBuildBehavior [ RunTime:0.001000s ]
INFO: [ view_filter ] --END-- [ RunTime:0.003000s ]

[ 2014-08-11T21:02:04+08:00 ] 127.0.0.1 /index.php/Admin/Index/index.html
INFO: [ app_init ] --START--
INFO: Run Behavior\BuildLiteBehavior [ RunTime:0.000000s ]
INFO: [ app_init ] --END-- [ RunTime:0.000000s ]
INFO: [ app_begin ] --START--
INFO: Run Behavior\ReadHtmlCacheBehavior [ RunTime:0.001000s ]
INFO: [ app_begin ] --END-- [ RunTime:0.001000s ]
INFO: [ view_parse ] --START--
INFO: [ template_filter ] --START--
INFO: Run Behavior\ContentReplaceBehavior [ RunTime:0.000000s ]
INFO: [ template_filter ] --END-- [ RunTime:0.001000s ]
INFO: Run Behavior\ParseTemplateBehavior [ RunTime:0.016001s ]
INFO: [ view_parse ] --END-- [ RunTime:0.016001s ]
INFO: [ view_filter ] --START--
INFO: Run Behavior\WriteHtmlCacheBehavior [ RunTime:0.001000s ]
INFO: Run Behavior\TokenBuildBehavior [ RunTime:0.000000s ]
INFO: [ view_filter ] --END-- [ RunTime:0.001000s ]
INFO: [ app_end ] --START--
INFO: Run Behavior\ShowPageTraceBehavior [ RunTime:0.000000s ]
INFO: [ app_end ] --END-- [ RunTime:0.000000s ]

[ 2014-08-11T21:02:04+08:00 ] 127.0.0.1 /index.php/Admin/Index/top
INFO: [ app_init ] --START--
INFO: Run Behavior\BuildLiteBehavior [ RunTime:0.000000s ]
INFO: [ app_init ] --END-- [ RunTime:0.000000s ]
INFO: [ app_begin ] --START--
INFO: Run Behavior\ReadHtmlCacheBehavior [ RunTime:0.001000s ]
INFO: [ app_begin ] --END-- [ RunTime:0.001000s ]
INFO: [ view_parse ] --START--
INFO: [ template_filter ] --START--
INFO: Run Behavior\ContentReplaceBehavior [ RunTime:0.000000s ]
INFO: [ template_filter ] --END-- [ RunTime:0.000000s ]
INFO: Run Behavior\ParseTemplateBehavior [ RunTime:0.030002s ]
INFO: [ view_parse ] --END-- [ RunTime:0.030002s ]
INFO: [ view_filter ] --START--
INFO: Run Behavior\WriteHtmlCacheBehavior [ RunTime:0.001000s ]
INFO: Run Behavior\TokenBuildBehavior [ RunTime:0.000000s ]
INFO: [ view_filter ] --END-- [ RunTime:0.001000s ]
INFO: [ app_end ] --START--
INFO: Run Behavior\ShowPageTraceBehavior [ RunTime:0.000000s ]
INFO: [ app_end ] --END-- [ RunTime:0.000000s ]

[ 2014-08-11T21:02:04+08:00 ] 127.0.0.1 /index.php/Admin/Index/left
INFO: [ app_init ] --START--
INFO: Run Behavior\BuildLiteBehavior [ RunTime:0.000000s ]
INFO: [ app_init ] --END-- [ RunTime:0.001000s ]
INFO: [ app_begin ] --START--
INFO: Run Behavior\ReadHtmlCacheBehavior [ RunTime:0.001000s ]
INFO: [ app_begin ] --END-- [ RunTime:0.001000s ]
INFO: [ view_parse ] --START--
INFO: [ template_filter ] --START--
INFO: Run Behavior\ContentReplaceBehavior [ RunTime:0.000000s ]
INFO: [ template_filter ] --END-- [ RunTime:0.000000s ]
INFO: Run Behavior\ParseTemplateBehavior [ RunTime:0.127007s ]
INFO: [ view_parse ] --END-- [ RunTime:0.127007s ]
INFO: [ view_filter ] --START--
INFO: Run Behavior\WriteHtmlCacheBehavior [ RunTime:0.001000s ]
INFO: Run Behavior\TokenBuildBehavior [ RunTime:0.001001s ]
INFO: [ view_filter ] --END-- [ RunTime:0.002001s ]
INFO: [ app_end ] --START--
INFO: Run Behavior\ShowPageTraceBehavior [ RunTime:0.001000s ]
INFO: [ app_end ] --END-- [ RunTime:0.001000s ]

[ 2014-08-11T21:02:06+08:00 ] 127.0.0.1 /index.php/Admin/Index/main
INFO: [ app_init ] --START--
INFO: Run Behavior\BuildLiteBehavior [ RunTime:0.000000s ]
INFO: [ app_init ] --END-- [ RunTime:0.001000s ]
INFO: [ app_begin ] --START--
INFO: Run Behavior\ReadHtmlCacheBehavior [ RunTime:0.002001s ]
INFO: [ app_begin ] --END-- [ RunTime:0.002001s ]
INFO: [ view_parse ] --START--
INFO: [ template_filter ] --START--
INFO: Run Behavior\ContentReplaceBehavior [ RunTime:0.000000s ]
INFO: [ template_filter ] --END-- [ RunTime:0.000000s ]
INFO: Run Behavior\ParseTemplateBehavior [ RunTime:0.117006s ]
INFO: [ view_parse ] --END-- [ RunTime:0.117006s ]
INFO: [ view_filter ] --START--
INFO: Run Behavior\WriteHtmlCacheBehavior [ RunTime:0.001000s ]
INFO: Run Behavior\TokenBuildBehavior [ RunTime:0.001001s ]
INFO: [ view_filter ] --END-- [ RunTime:0.002001s ]
INFO: [ app_end ] --START--
INFO: Run Behavior\ShowPageTraceBehavior [ RunTime:0.001000s ]
INFO: [ app_end ] --END-- [ RunTime:0.001000s ]

[ 2014-08-11T21:02:09+08:00 ] 127.0.0.1 /index.php/Admin/Privilege/lst.html
INFO: [ app_init ] --START--
INFO: Run Behavior\BuildLiteBehavior [ RunTime:0.000000s ]
INFO: [ app_init ] --END-- [ RunTime:0.001000s ]
INFO: [ app_begin ] --START--
INFO: Run Behavior\ReadHtmlCacheBehavior [ RunTime:0.002000s ]
INFO: [ app_begin ] --END-- [ RunTime:0.002000s ]
SQL: SHOW COLUMNS FROM `sh_privilege` [ RunTime:0.009001s ]
SQL: SELECT * FROM `sh_privilege`  [ RunTime:0.001000s ]
INFO: [ view_parse ] --START--
INFO: [ template_filter ] --START--
INFO: Run Behavior\ContentReplaceBehavior [ RunTime:0.000000s ]
INFO: [ template_filter ] --END-- [ RunTime:0.000000s ]
NOTIC: [8] Undefined variable: page F:\php0212\zj\Application\Runtime\Cache\Admin\1c990affb7d51d2df56dce018d5c78a2.php 第 48 行.
INFO: Run Behavior\ParseTemplateBehavior [ RunTime:0.044002s ]
INFO: [ view_parse ] --END-- [ RunTime:0.044002s ]
INFO: [ view_filter ] --START--
INFO: Run Behavior\WriteHtmlCacheBehavior [ RunTime:0.001000s ]
INFO: Run Behavior\TokenBuildBehavior [ RunTime:0.001000s ]
INFO: [ view_filter ] --END-- [ RunTime:0.002000s ]
INFO: [ app_end ] --START--
INFO: Run Behavior\ShowPageTraceBehavior [ RunTime:0.002000s ]
INFO: [ app_end ] --END-- [ RunTime:0.002000s ]

[ 2014-08-11T21:02:14+08:00 ] 127.0.0.1 /index.php/Admin/Role/lst.html
INFO: [ app_init ] --START--
INFO: Run Behavior\BuildLiteBehavior [ RunTime:0.000000s ]
INFO: [ app_init ] --END-- [ RunTime:0.001000s ]
INFO: [ app_begin ] --START--
INFO: Run Behavior\ReadHtmlCacheBehavior [ RunTime:0.000000s ]
INFO: [ app_begin ] --END-- [ RunTime:0.001000s ]
SQL: SHOW COLUMNS FROM `sh_role` [ RunTime:0.010001s ]
NOTIC: [2] Invalid argument supplied for foreach() F:\php0212\zj\ThinkPHP\Library\Think\Db.class.php 第 429 行.
SQL: SELECT COUNT(*) AS tp_count FROM `sh_role` LIMIT 1   [ RunTime:0.098005s ]
NOTIC: [2] Invalid argument supplied for foreach() F:\php0212\zj\ThinkPHP\Library\Think\Db.class.php 第 429 行.
SQL: SELECT a.*,GROUP_CONCAT(b.pri_name) pri_name FROM sh_role a LEFT JOIN sh_privilege b ON FIND_IN_SET(b.id,a.pri_id_list)  GROUP BY a.id LIMIT 0,15   [ RunTime:0.632036s ]
INFO: [ view_parse ] --START--
INFO: [ template_filter ] --START--
INFO: Run Behavior\ContentReplaceBehavior [ RunTime:0.000000s ]
INFO: [ template_filter ] --END-- [ RunTime:0.000000s ]
INFO: Run Behavior\ParseTemplateBehavior [ RunTime:0.096005s ]
INFO: [ view_parse ] --END-- [ RunTime:0.096005s ]
INFO: [ view_filter ] --START--
INFO: Run Behavior\WriteHtmlCacheBehavior [ RunTime:0.000000s ]
INFO: Run Behavior\TokenBuildBehavior [ RunTime:0.001000s ]
INFO: [ view_filter ] --END-- [ RunTime:0.001000s ]
INFO: [ app_end ] --START--
INFO: Run Behavior\ShowPageTraceBehavior [ RunTime:0.001000s ]
INFO: [ app_end ] --END-- [ RunTime:0.001000s ]

[ 2014-08-11T21:02:14+08:00 ] 127.0.0.1 /index.php/Admin/Admin/lst.html
INFO: [ app_init ] --START--
INFO: Run Behavior\BuildLiteBehavior [ RunTime:0.000000s ]
INFO: [ app_init ] --END-- [ RunTime:0.001000s ]
INFO: [ app_begin ] --START--
INFO: Run Behavior\ReadHtmlCacheBehavior [ RunTime:0.001001s ]
INFO: [ app_begin ] --END-- [ RunTime:0.002001s ]
SQL: SHOW COLUMNS FROM `sh_admin` [ RunTime:0.010000s ]
NOTIC: [2] Invalid argument supplied for foreach() F:\php0212\zj\ThinkPHP\Library\Think\Db.class.php 第 429 行.
SQL: SELECT COUNT(*) AS tp_count FROM `sh_admin` LIMIT 1   [ RunTime:0.000000s ]
NOTIC: [2] Invalid argument supplied for foreach() F:\php0212\zj\ThinkPHP\Library\Think\Db.class.php 第 429 行.
SQL: SELECT a.*,b.role_name FROM sh_admin a LEFT JOIN sh_role b ON a.role_id=b.id  ORDER BY a.id ASC LIMIT 0,15   [ RunTime:0.001000s ]
INFO: [ view_parse ] --START--
INFO: [ template_filter ] --START--
INFO: Run Behavior\ContentReplaceBehavior [ RunTime:0.001000s ]
INFO: [ template_filter ] --END-- [ RunTime:0.001000s ]
INFO: Run Behavior\ParseTemplateBehavior [ RunTime:0.183011s ]
INFO: [ view_parse ] --END-- [ RunTime:0.183011s ]
INFO: [ view_filter ] --START--
INFO: Run Behavior\WriteHtmlCacheBehavior [ RunTime:0.000000s ]
INFO: Run Behavior\TokenBuildBehavior [ RunTime:0.001000s ]
INFO: [ view_filter ] --END-- [ RunTime:0.002000s ]
INFO: [ app_end ] --START--
INFO: Run Behavior\ShowPageTraceBehavior [ RunTime:0.001000s ]
INFO: [ app_end ] --END-- [ RunTime:0.001000s ]

[ 2014-08-11T21:02:17+08:00 ] 127.0.0.1 /index.php/Goods/Category/lst.html
INFO: [ app_init ] --START--
INFO: Run Behavior\BuildLiteBehavior [ RunTime:0.000000s ]
INFO: [ app_init ] --END-- [ RunTime:0.001000s ]
INFO: [ app_begin ] --START--
INFO: Run Behavior\ReadHtmlCacheBehavior [ RunTime:0.000000s ]
INFO: [ app_begin ] --END-- [ RunTime:0.000000s ]
SQL: SHOW COLUMNS FROM `sh_category` [ RunTime:0.140008s ]
SQL: SELECT * FROM `sh_category`  [ RunTime:0.001001s ]
INFO: [ view_parse ] --START--
INFO: [ template_filter ] --START--
INFO: Run Behavior\ContentReplaceBehavior [ RunTime:0.000000s ]
INFO: [ template_filter ] --END-- [ RunTime:0.000000s ]
INFO: Run Behavior\ParseTemplateBehavior [ RunTime:0.137007s ]
INFO: [ view_parse ] --END-- [ RunTime:0.137007s ]
INFO: [ view_filter ] --START--
INFO: Run Behavior\WriteHtmlCacheBehavior [ RunTime:0.001000s ]
INFO: Run Behavior\TokenBuildBehavior [ RunTime:0.000000s ]
INFO: [ view_filter ] --END-- [ RunTime:0.001000s ]
INFO: [ app_end ] --START--
INFO: Run Behavior\ShowPageTraceBehavior [ RunTime:0.001000s ]
INFO: [ app_end ] --END-- [ RunTime:0.001000s ]

[ 2014-08-11T21:02:18+08:00 ] 127.0.0.1 /index.php/Goods/Goods/lst.html
INFO: [ app_init ] --START--
INFO: Run Behavior\BuildLiteBehavior [ RunTime:0.000000s ]
INFO: [ app_init ] --END-- [ RunTime:0.000000s ]
INFO: [ app_begin ] --START--
INFO: Run Behavior\ReadHtmlCacheBehavior [ RunTime:0.000000s ]
INFO: [ app_begin ] --END-- [ RunTime:0.001000s ]
SQL: SHOW COLUMNS FROM `sh_goods` [ RunTime:0.096006s ]
NOTIC: [2] Invalid argument supplied for foreach() F:\php0212\zj\ThinkPHP\Library\Think\Db.class.php 第 429 行.
SQL: SELECT COUNT(*) AS tp_count FROM `sh_goods` LIMIT 1   [ RunTime:0.000000s ]
NOTIC: [2] Invalid argument supplied for foreach() F:\php0212\zj\ThinkPHP\Library\Think\Db.class.php 第 429 行.
SQL: SELECT a.*,SUM(b.goods_number) gn FROM sh_goods a LEFT JOIN sh_product b ON a.id=b.goods_id  GROUP BY a.id LIMIT 0,15   [ RunTime:0.049003s ]
INFO: [ view_parse ] --START--
INFO: [ template_filter ] --START--
INFO: Run Behavior\ContentReplaceBehavior [ RunTime:0.000000s ]
INFO: [ template_filter ] --END-- [ RunTime:0.000000s ]
INFO: Run Behavior\ParseTemplateBehavior [ RunTime:0.019001s ]
INFO: [ view_parse ] --END-- [ RunTime:0.019001s ]
INFO: [ view_filter ] --START--
INFO: Run Behavior\WriteHtmlCacheBehavior [ RunTime:0.001000s ]
INFO: Run Behavior\TokenBuildBehavior [ RunTime:0.000000s ]
INFO: [ view_filter ] --END-- [ RunTime:0.001000s ]
INFO: [ app_end ] --START--
INFO: Run Behavior\ShowPageTraceBehavior [ RunTime:0.000000s ]
INFO: [ app_end ] --END-- [ RunTime:0.000000s ]

[ 2014-08-11T21:02:19+08:00 ] 127.0.0.1 /index.php/Goods/Brand/lst.html
INFO: [ app_init ] --START--
INFO: Run Behavior\BuildLiteBehavior [ RunTime:0.000000s ]
INFO: [ app_init ] --END-- [ RunTime:0.001000s ]
INFO: [ app_begin ] --START--
INFO: Run Behavior\ReadHtmlCacheBehavior [ RunTime:0.001000s ]
INFO: [ app_begin ] --END-- [ RunTime:0.001000s ]
SQL: SHOW COLUMNS FROM `sh_brand` [ RunTime:0.074004s ]
NOTIC: [2] Invalid argument supplied for foreach() F:\php0212\zj\ThinkPHP\Library\Think\Db.class.php 第 429 行.
SQL: SELECT COUNT(*) AS tp_count FROM `sh_brand` LIMIT 1   [ RunTime:0.000000s ]
NOTIC: [2] Invalid argument supplied for foreach() F:\php0212\zj\ThinkPHP\Library\Think\Db.class.php 第 429 行.
SQL: SELECT * FROM `sh_brand` LIMIT 0,15   [ RunTime:0.000000s ]
INFO: [ view_parse ] --START--
INFO: [ template_filter ] --START--
INFO: Run Behavior\ContentReplaceBehavior [ RunTime:0.000000s ]
INFO: [ template_filter ] --END-- [ RunTime:0.000000s ]
INFO: Run Behavior\ParseTemplateBehavior [ RunTime:0.036002s ]
INFO: [ view_parse ] --END-- [ RunTime:0.036002s ]
INFO: [ view_filter ] --START--
INFO: Run Behavior\WriteHtmlCacheBehavior [ RunTime:0.001000s ]
INFO: Run Behavior\TokenBuildBehavior [ RunTime:0.000000s ]
INFO: [ view_filter ] --END-- [ RunTime:0.001000s ]
INFO: [ app_end ] --START--
INFO: Run Behavior\ShowPageTraceBehavior [ RunTime:0.000000s ]
INFO: [ app_end ] --END-- [ RunTime:0.000000s ]

[ 2014-08-11T21:02:21+08:00 ] 127.0.0.1 /index.php/Goods/Type/lst.html
INFO: [ app_init ] --START--
INFO: Run Behavior\BuildLiteBehavior [ RunTime:0.000000s ]
INFO: [ app_init ] --END-- [ RunTime:0.001000s ]
INFO: [ app_begin ] --START--
INFO: Run Behavior\ReadHtmlCacheBehavior [ RunTime:0.001001s ]
INFO: [ app_begin ] --END-- [ RunTime:0.001001s ]
SQL: SHOW COLUMNS FROM `sh_type` [ RunTime:0.094005s ]
NOTIC: [2] Invalid argument supplied for foreach() F:\php0212\zj\ThinkPHP\Library\Think\Db.class.php 第 429 行.
SQL: SELECT COUNT(*) AS tp_count FROM `sh_type` LIMIT 1   [ RunTime:0.001000s ]
NOTIC: [2] Invalid argument supplied for foreach() F:\php0212\zj\ThinkPHP\Library\Think\Db.class.php 第 429 行.
SQL: SELECT * FROM `sh_type` LIMIT 0,15   [ RunTime:0.001000s ]
INFO: [ view_parse ] --START--
INFO: [ template_filter ] --START--
INFO: Run Behavior\ContentReplaceBehavior [ RunTime:0.000000s ]
INFO: [ template_filter ] --END-- [ RunTime:0.000000s ]
INFO: Run Behavior\ParseTemplateBehavior [ RunTime:0.036002s ]
INFO: [ view_parse ] --END-- [ RunTime:0.036002s ]
INFO: [ view_filter ] --START--
INFO: Run Behavior\WriteHtmlCacheBehavior [ RunTime:0.000000s ]
INFO: Run Behavior\TokenBuildBehavior [ RunTime:0.001000s ]
INFO: [ view_filter ] --END-- [ RunTime:0.001000s ]
INFO: [ app_end ] --START--
INFO: Run Behavior\ShowPageTraceBehavior [ RunTime:0.001000s ]
INFO: [ app_end ] --END-- [ RunTime:0.001000s ]

[ 2014-08-11T21:02:22+08:00 ] 127.0.0.1 /index.php/Gii/Index/index.html
INFO: [ app_init ] --START--
INFO: Run Behavior\BuildLiteBehavior [ RunTime:0.000000s ]
INFO: [ app_init ] --END-- [ RunTime:0.000000s ]
INFO: [ app_begin ] --START--
INFO: Run Behavior\ReadHtmlCacheBehavior [ RunTime:0.000000s ]
INFO: [ app_begin ] --END-- [ RunTime:0.001000s ]
INFO: [ view_parse ] --START--
INFO: [ template_filter ] --START--
INFO: Run Behavior\ContentReplaceBehavior [ RunTime:0.000000s ]
INFO: [ template_filter ] --END-- [ RunTime:0.000000s ]
INFO: Run Behavior\ParseTemplateBehavior [ RunTime:0.042003s ]
INFO: [ view_parse ] --END-- [ RunTime:0.043003s ]
INFO: [ view_filter ] --START--
INFO: Run Behavior\WriteHtmlCacheBehavior [ RunTime:0.000000s ]
INFO: Run Behavior\TokenBuildBehavior [ RunTime:0.001000s ]
INFO: [ view_filter ] --END-- [ RunTime:0.001000s ]
INFO: [ app_end ] --START--
INFO: Run Behavior\ShowPageTraceBehavior [ RunTime:0.001000s ]
INFO: [ app_end ] --END-- [ RunTime:0.001000s ]

[ 2014-08-11T21:06:51+08:00 ] 127.0.0.1 /index.php/Goods/Goods/lst.html
INFO: [ app_init ] --START--
INFO: Run Behavior\BuildLiteBehavior [ RunTime:0.000000s ]
INFO: [ app_init ] --END-- [ RunTime:0.000000s ]
INFO: [ app_begin ] --START--
INFO: Run Behavior\ReadHtmlCacheBehavior [ RunTime:0.001000s ]
INFO: [ app_begin ] --END-- [ RunTime:0.001000s ]
SQL: SHOW COLUMNS FROM `sh_goods` [ RunTime:0.008001s ]
NOTIC: [2] Invalid argument supplied for foreach() F:\php0212\zj\ThinkPHP\Library\Think\Db.class.php 第 429 行.
SQL: SELECT COUNT(*) AS tp_count FROM `sh_goods` LIMIT 1   [ RunTime:0.000000s ]
NOTIC: [2] Invalid argument supplied for foreach() F:\php0212\zj\ThinkPHP\Library\Think\Db.class.php 第 429 行.
SQL: SELECT a.*,SUM(b.goods_number) gn FROM sh_goods a LEFT JOIN sh_product b ON a.id=b.goods_id  GROUP BY a.id LIMIT 0,15   [ RunTime:0.008000s ]
INFO: [ view_parse ] --START--
INFO: [ template_filter ] --START--
INFO: Run Behavior\ContentReplaceBehavior [ RunTime:0.000000s ]
INFO: [ template_filter ] --END-- [ RunTime:0.000000s ]
INFO: Run Behavior\ParseTemplateBehavior [ RunTime:0.014000s ]
INFO: [ view_parse ] --END-- [ RunTime:0.014000s ]
INFO: [ view_filter ] --START--
INFO: Run Behavior\WriteHtmlCacheBehavior [ RunTime:0.002001s ]
INFO: Run Behavior\TokenBuildBehavior [ RunTime:0.001000s ]
INFO: [ view_filter ] --END-- [ RunTime:0.003001s ]
INFO: [ app_end ] --START--
INFO: Run Behavior\ShowPageTraceBehavior [ RunTime:0.002000s ]
INFO: [ app_end ] --END-- [ RunTime:0.002000s ]

[ 2014-08-11T21:06:55+08:00 ] 127.0.0.1 /index.php/Goods/Goods/save/id/7
INFO: [ app_init ] --START--
INFO: Run Behavior\BuildLiteBehavior [ RunTime:0.000000s ]
INFO: [ app_init ] --END-- [ RunTime:0.001000s ]
INFO: [ app_begin ] --START--
INFO: Run Behavior\ReadHtmlCacheBehavior [ RunTime:0.001000s ]
INFO: [ app_begin ] --END-- [ RunTime:0.001000s ]
SQL: SHOW COLUMNS FROM `sh_goods` [ RunTime:0.008000s ]
SQL: SELECT * FROM `sh_goods` WHERE ( `id` = 7 ) LIMIT 1   [ RunTime:0.000000s ]
SQL: SHOW COLUMNS FROM `sh_category` [ RunTime:0.008001s ]
SQL: SELECT * FROM `sh_category`  [ RunTime:0.000000s ]
SQL: SHOW COLUMNS FROM `sh_brand` [ RunTime:0.008000s ]
SQL: SELECT * FROM `sh_brand`  [ RunTime:0.001001s ]
SQL: SHOW COLUMNS FROM `sh_member_level` [ RunTime:0.127007s ]
SQL: SELECT * FROM `sh_member_level`  [ RunTime:0.001000s ]
SQL: SHOW COLUMNS FROM `sh_type` [ RunTime:0.008000s ]
SQL: SELECT * FROM `sh_type`  [ RunTime:0.001000s ]
SQL: SHOW COLUMNS FROM `sh_member_price` [ RunTime:0.049003s ]
SQL: SELECT * FROM `sh_member_price` WHERE ( goods_id=7 )  [ RunTime:0.001000s ]
SQL: SHOW COLUMNS FROM `sh_goods_pic` [ RunTime:0.008001s ]
SQL: SELECT * FROM `sh_goods_pic` WHERE ( goods_id=7 )  [ RunTime:0.000000s ]
SQL: SHOW COLUMNS FROM `sh_goods_attr` [ RunTime:0.008000s ]
SQL: SELECT * FROM `sh_goods_attr` WHERE ( goods_id=7 )  [ RunTime:0.001000s ]
SQL: SHOW COLUMNS FROM `sh_attribute` [ RunTime:0.008001s ]
SQL: SELECT * FROM `sh_attribute` WHERE ( type_id=4 )  [ RunTime:0.000000s ]
SQL: SHOW COLUMNS FROM `sh_recommend` [ RunTime:0.008000s ]
SQL: SELECT * FROM `sh_recommend` WHERE ( rec_type='商品' )  [ RunTime:0.001000s ]
SQL: SHOW COLUMNS FROM `sh_recommend_item` [ RunTime:0.010001s ]
SQL: SELECT GROUP_CONCAT(a.rec_id) rec_id FROM sh_recommend_item a LEFT JOIN sh_recommend b ON a.rec_id=b.id  WHERE ( a.value_id=7 AND b.rec_type="商品" )  [ RunTime:0.001000s ]
INFO: [ view_parse ] --START--
INFO: [ template_filter ] --START--
INFO: Run Behavior\ContentReplaceBehavior [ RunTime:0.000000s ]
INFO: [ template_filter ] --END-- [ RunTime:0.000000s ]
INFO: Run Behavior\ParseTemplateBehavior [ RunTime:0.081005s ]
INFO: [ view_parse ] --END-- [ RunTime:0.082005s ]
INFO: [ view_filter ] --START--
INFO: Run Behavior\WriteHtmlCacheBehavior [ RunTime:0.000000s ]
INFO: Run Behavior\TokenBuildBehavior [ RunTime:0.000000s ]
INFO: [ view_filter ] --END-- [ RunTime:0.001000s ]
INFO: [ app_end ] --START--
INFO: Run Behavior\ShowPageTraceBehavior [ RunTime:0.002000s ]
INFO: [ app_end ] --END-- [ RunTime:0.002000s ]

[ 2014-08-11T21:07:45+08:00 ] 127.0.0.1 /index.php/Goods/Goods/save/id/7
INFO: [ app_init ] --START--
INFO: Run Behavior\BuildLiteBehavior [ RunTime:0.000000s ]
INFO: [ app_init ] --END-- [ RunTime:0.002001s ]
INFO: [ app_begin ] --START--
INFO: Run Behavior\ReadHtmlCacheBehavior [ RunTime:0.003000s ]
INFO: [ app_begin ] --END-- [ RunTime:0.003000s ]
SQL: SHOW COLUMNS FROM `sh_goods` [ RunTime:0.041002s ]
SQL: SHOW COLUMNS FROM `sh_member_price` [ RunTime:0.010001s ]
SQL: DELETE FROM `sh_member_price` WHERE ( goods_id=7 ) [ RunTime:0.090005s ]
SQL: INSERT INTO `sh_member_price` (`price`,`level_id`,`goods_id`) VALUES ('2223.00',1,7) [ RunTime:0.010001s ]
SQL: INSERT INTO `sh_member_price` (`price`,`level_id`,`goods_id`) VALUES ('2222.00',2,7) [ RunTime:0.001000s ]
SQL: INSERT INTO `sh_member_price` (`price`,`level_id`,`goods_id`) VALUES ('2221.00',3,7) [ RunTime:0.000000s ]
SQL: INSERT INTO `sh_member_price` (`price`,`level_id`,`goods_id`) VALUES ('1222.00',4,7) [ RunTime:0.000000s ]
SQL: SHOW COLUMNS FROM `sh_goods_attr` [ RunTime:0.009001s ]
SQL: UPDATE `sh_goods_attr` SET `attr_value`='红色',`attr_price`='50.00' WHERE ( id=9 ) [ RunTime:0.021001s ]
SQL: UPDATE `sh_goods_attr` SET `attr_value`='白色',`attr_price`='20.00' WHERE ( id=8 ) [ RunTime:0.001000s ]
SQL: UPDATE `sh_goods_attr` SET `attr_value`='黑色',`attr_price`='0.00' WHERE ( id=7 ) [ RunTime:0.000000s ]
SQL: SHOW COLUMNS FROM `sh_recommend_item` [ RunTime:0.013001s ]
SQL: DELETE FROM `sh_recommend_item` WHERE ( value_id=7 AND rec_id IN(SELECT id FROM sh_recommend WHERE rec_type="商品") ) [ RunTime:0.001000s ]
SQL: INSERT INTO `sh_recommend_item` (`rec_id`,`value_id`) VALUES (1,7) [ RunTime:0.001000s ]
SQL: INSERT INTO `sh_recommend_item` (`rec_id`,`value_id`) VALUES (7,7) [ RunTime:0.001000s ]
SQL: UPDATE `sh_goods` SET `goods_name`='xxx',`cat_id`=11,`brand_id`=7,`market_price`='222.00',`shop_price`='122.00',`is_on_sale`='是',`goods_weight`='23.00',`weight_unit`='克',`goods_desc`='&lt;p&gt;hhhhhxxxxxxxxxxxxxxx&lt;br/&gt;&lt;img src=&quot;http://zj.100.com/Public/ueditor/php/upload1/20140811/1407762455697975.png&quot; title=&quot;5325210121fbf.png&quot;/&gt;&lt;/p&gt;' WHERE ( `id` = 7 ) [ RunTime:0.001000s ]
INFO: [ view_parse ] --START--
INFO: [ template_filter ] --START--
INFO: Run Behavior\ContentReplaceBehavior [ RunTime:0.000000s ]
INFO: [ template_filter ] --END-- [ RunTime:0.001000s ]
INFO: Run Behavior\ParseTemplateBehavior [ RunTime:0.030002s ]
INFO: [ view_parse ] --END-- [ RunTime:0.030002s ]
INFO: [ view_filter ] --START--
INFO: Run Behavior\WriteHtmlCacheBehavior [ RunTime:0.005000s ]
INFO: Run Behavior\TokenBuildBehavior [ RunTime:0.003000s ]
INFO: [ view_filter ] --END-- [ RunTime:0.008000s ]

[ 2014-08-11T21:07:46+08:00 ] 127.0.0.1 /index.php/Goods/Goods/lst.html
INFO: [ app_init ] --START--
INFO: Run Behavior\BuildLiteBehavior [ RunTime:0.000000s ]
INFO: [ app_init ] --END-- [ RunTime:0.001000s ]
INFO: [ app_begin ] --START--
INFO: Run Behavior\ReadHtmlCacheBehavior [ RunTime:0.005001s ]
INFO: [ app_begin ] --END-- [ RunTime:0.005001s ]
SQL: SHOW COLUMNS FROM `sh_goods` [ RunTime:0.009000s ]
NOTIC: [2] Invalid argument supplied for foreach() F:\php0212\zj\ThinkPHP\Library\Think\Db.class.php 第 429 行.
SQL: SELECT COUNT(*) AS tp_count FROM `sh_goods` LIMIT 1   [ RunTime:0.000000s ]
NOTIC: [2] Invalid argument supplied for foreach() F:\php0212\zj\ThinkPHP\Library\Think\Db.class.php 第 429 行.
SQL: SELECT a.*,SUM(b.goods_number) gn FROM sh_goods a LEFT JOIN sh_product b ON a.id=b.goods_id  GROUP BY a.id LIMIT 0,15   [ RunTime:0.011000s ]
INFO: [ view_parse ] --START--
INFO: [ template_filter ] --START--
INFO: Run Behavior\ContentReplaceBehavior [ RunTime:0.000000s ]
INFO: [ template_filter ] --END-- [ RunTime:0.000000s ]
INFO: Run Behavior\ParseTemplateBehavior [ RunTime:0.021001s ]
INFO: [ view_parse ] --END-- [ RunTime:0.022001s ]
INFO: [ view_filter ] --START--
INFO: Run Behavior\WriteHtmlCacheBehavior [ RunTime:0.003000s ]
INFO: Run Behavior\TokenBuildBehavior [ RunTime:0.003000s ]
INFO: [ view_filter ] --END-- [ RunTime:0.007000s ]
INFO: [ app_end ] --START--
INFO: Run Behavior\ShowPageTraceBehavior [ RunTime:0.003001s ]
INFO: [ app_end ] --END-- [ RunTime:0.003001s ]

[ 2014-08-11T21:09:57+08:00 ] 127.0.0.1 /index.php/Admin/Index/__GROUP__/Goods/goodsList
INFO: [ app_init ] --START--
INFO: Run Behavior\BuildLiteBehavior [ RunTime:0.000000s ]
INFO: [ app_init ] --END-- [ RunTime:0.000000s ]
INFO: [ app_begin ] --START--
INFO: Run Behavior\ReadHtmlCacheBehavior [ RunTime:0.001000s ]
INFO: [ app_begin ] --END-- [ RunTime:0.001000s ]
ERR: 非法操作:__GROUP__

[ 2014-08-11T21:10:00+08:00 ] 127.0.0.1 /index.php/Goods/Type/lst.html
INFO: [ app_init ] --START--
INFO: Run Behavior\BuildLiteBehavior [ RunTime:0.000000s ]
INFO: [ app_init ] --END-- [ RunTime:0.001000s ]
INFO: [ app_begin ] --START--
INFO: Run Behavior\ReadHtmlCacheBehavior [ RunTime:0.001000s ]
INFO: [ app_begin ] --END-- [ RunTime:0.001000s ]
SQL: SHOW COLUMNS FROM `sh_type` [ RunTime:0.007000s ]
NOTIC: [2] Invalid argument supplied for foreach() F:\php0212\zj\ThinkPHP\Library\Think\Db.class.php 第 429 行.
SQL: SELECT COUNT(*) AS tp_count FROM `sh_type` LIMIT 1   [ RunTime:0.000000s ]
NOTIC: [2] Invalid argument supplied for foreach() F:\php0212\zj\ThinkPHP\Library\Think\Db.class.php 第 429 行.
SQL: SELECT * FROM `sh_type` LIMIT 0,15   [ RunTime:0.001001s ]
INFO: [ view_parse ] --START--
INFO: [ template_filter ] --START--
INFO: Run Behavior\ContentReplaceBehavior [ RunTime:0.000000s ]
INFO: [ template_filter ] --END-- [ RunTime:0.000000s ]
INFO: Run Behavior\ParseTemplateBehavior [ RunTime:0.013000s ]
INFO: [ view_parse ] --END-- [ RunTime:0.013000s ]
INFO: [ view_filter ] --START--
INFO: Run Behavior\WriteHtmlCacheBehavior [ RunTime:0.001000s ]
INFO: Run Behavior\TokenBuildBehavior [ RunTime:0.000000s ]
INFO: [ view_filter ] --END-- [ RunTime:0.002000s ]
INFO: [ app_end ] --START--
INFO: Run Behavior\ShowPageTraceBehavior [ RunTime:0.001001s ]
INFO: [ app_end ] --END-- [ RunTime:0.001001s ]

[ 2014-08-11T21:10:04+08:00 ] 127.0.0.1 /index.php/Goods/Brand/lst.html
INFO: [ app_init ] --START--
INFO: Run Behavior\BuildLiteBehavior [ RunTime:0.000000s ]
INFO: [ app_init ] --END-- [ RunTime:0.000000s ]
INFO: [ app_begin ] --START--
INFO: Run Behavior\ReadHtmlCacheBehavior [ RunTime:0.001000s ]
INFO: [ app_begin ] --END-- [ RunTime:0.001000s ]
SQL: SHOW COLUMNS FROM `sh_brand` [ RunTime:0.011001s ]
NOTIC: [2] Invalid argument supplied for foreach() F:\php0212\zj\ThinkPHP\Library\Think\Db.class.php 第 429 行.
SQL: SELECT COUNT(*) AS tp_count FROM `sh_brand` LIMIT 1   [ RunTime:0.001000s ]
NOTIC: [2] Invalid argument supplied for foreach() F:\php0212\zj\ThinkPHP\Library\Think\Db.class.php 第 429 行.
SQL: SELECT * FROM `sh_brand` LIMIT 0,15   [ RunTime:0.001000s ]
INFO: [ view_parse ] --START--
INFO: [ template_filter ] --START--
INFO: Run Behavior\ContentReplaceBehavior [ RunTime:0.000000s ]
INFO: [ template_filter ] --END-- [ RunTime:0.000000s ]
INFO: Run Behavior\ParseTemplateBehavior [ RunTime:0.011001s ]
INFO: [ view_parse ] --END-- [ RunTime:0.011001s ]
INFO: [ view_filter ] --START--
INFO: Run Behavior\WriteHtmlCacheBehavior [ RunTime:0.001000s ]
INFO: Run Behavior\TokenBuildBehavior [ RunTime:0.001000s ]
INFO: [ view_filter ] --END-- [ RunTime:0.002000s ]
INFO: [ app_end ] --START--
INFO: Run Behavior\ShowPageTraceBehavior [ RunTime:0.005000s ]
INFO: [ app_end ] --END-- [ RunTime:0.005000s ]

[ 2014-08-11T21:10:19+08:00 ] 127.0.0.1 /index.php/Gii/Buttons/lst.html
INFO: [ app_init ] --START--
INFO: Run Behavior\BuildLiteBehavior [ RunTime:0.000000s ]
INFO: [ app_init ] --END-- [ RunTime:0.001000s ]
INFO: [ app_begin ] --START--
INFO: Run Behavior\ReadHtmlCacheBehavior [ RunTime:0.001000s ]
INFO: [ app_begin ] --END-- [ RunTime:0.001000s ]
SQL: SHOW COLUMNS FROM `sh_buttons` [ RunTime:0.031002s ]
NOTIC: [2] Invalid argument supplied for foreach() F:\php0212\zj\ThinkPHP\Library\Think\Db.class.php 第 429 行.
SQL: SELECT COUNT(*) AS tp_count FROM `sh_buttons` LIMIT 1   [ RunTime:0.001000s ]
NOTIC: [2] Invalid argument supplied for foreach() F:\php0212\zj\ThinkPHP\Library\Think\Db.class.php 第 429 行.
SQL: SELECT * FROM `sh_buttons` LIMIT 0,15   [ RunTime:0.002000s ]
INFO: [ view_parse ] --START--
INFO: [ template_filter ] --START--
INFO: Run Behavior\ContentReplaceBehavior [ RunTime:0.000000s ]
INFO: [ template_filter ] --END-- [ RunTime:0.000000s ]
INFO: Run Behavior\ParseTemplateBehavior [ RunTime:0.036002s ]
INFO: [ view_parse ] --END-- [ RunTime:0.037002s ]
INFO: [ view_filter ] --START--
INFO: Run Behavior\WriteHtmlCacheBehavior [ RunTime:0.001000s ]
INFO: Run Behavior\TokenBuildBehavior [ RunTime:0.000000s ]
INFO: [ view_filter ] --END-- [ RunTime:0.002000s ]
INFO: [ app_end ] --START--
INFO: Run Behavior\ShowPageTraceBehavior [ RunTime:0.002001s ]
INFO: [ app_end ] --END-- [ RunTime:0.002001s ]

[ 2014-08-11T21:10:27+08:00 ] 127.0.0.1 /index.php/Gii/ShopConfig/lst.html
INFO: [ app_init ] --START--
INFO: Run Behavior\BuildLiteBehavior [ RunTime:0.000000s ]
INFO: [ app_init ] --END-- [ RunTime:0.001000s ]
INFO: [ app_begin ] --START--
INFO: Run Behavior\ReadHtmlCacheBehavior [ RunTime:0.001000s ]
INFO: [ app_begin ] --END-- [ RunTime:0.002000s ]
SQL: SHOW COLUMNS FROM `sh_shop_config` [ RunTime:0.008000s ]
NOTIC: [2] Invalid argument supplied for foreach() F:\php0212\zj\ThinkPHP\Library\Think\Db.class.php 第 429 行.
SQL: SELECT COUNT(*) AS tp_count FROM `sh_shop_config` LIMIT 1   [ RunTime:0.001000s ]
NOTIC: [2] Invalid argument supplied for foreach() F:\php0212\zj\ThinkPHP\Library\Think\Db.class.php 第 429 行.
SQL: SELECT * FROM `sh_shop_config` LIMIT 0,15   [ RunTime:0.000000s ]
INFO: [ view_parse ] --START--
INFO: [ template_filter ] --START--
INFO: Run Behavior\ContentReplaceBehavior [ RunTime:0.000000s ]
INFO: [ template_filter ] --END-- [ RunTime:0.001000s ]
INFO: Run Behavior\ParseTemplateBehavior [ RunTime:0.014001s ]
INFO: [ view_parse ] --END-- [ RunTime:0.014001s ]
INFO: [ view_filter ] --START--
INFO: Run Behavior\WriteHtmlCacheBehavior [ RunTime:0.002000s ]
INFO: Run Behavior\TokenBuildBehavior [ RunTime:0.001000s ]
INFO: [ view_filter ] --END-- [ RunTime:0.003000s ]
INFO: [ app_end ] --START--
INFO: Run Behavior\ShowPageTraceBehavior [ RunTime:0.002000s ]
INFO: [ app_end ] --END-- [ RunTime:0.002000s ]

[ 2014-08-11T21:10:57+08:00 ] 127.0.0.1 /index.php/Gii/Recommend/lst.html
INFO: [ app_init ] --START--
INFO: Run Behavior\BuildLiteBehavior [ RunTime:0.000000s ]
INFO: [ app_init ] --END-- [ RunTime:0.001001s ]
INFO: [ app_begin ] --START--
INFO: Run Behavior\ReadHtmlCacheBehavior [ RunTime:0.000000s ]
INFO: [ app_begin ] --END-- [ RunTime:0.001000s ]
SQL: SHOW COLUMNS FROM `sh_recommend` [ RunTime:0.008001s ]
NOTIC: [2] Invalid argument supplied for foreach() F:\php0212\zj\ThinkPHP\Library\Think\Db.class.php 第 429 行.
SQL: SELECT COUNT(*) AS tp_count FROM `sh_recommend` LIMIT 1   [ RunTime:0.001000s ]
NOTIC: [2] Invalid argument supplied for foreach() F:\php0212\zj\ThinkPHP\Library\Think\Db.class.php 第 429 行.
SQL: SELECT * FROM `sh_recommend` LIMIT 0,15   [ RunTime:0.001000s ]
INFO: [ view_parse ] --START--
INFO: [ template_filter ] --START--
INFO: Run Behavior\ContentReplaceBehavior [ RunTime:0.000000s ]
INFO: [ template_filter ] --END-- [ RunTime:0.000000s ]
INFO: Run Behavior\ParseTemplateBehavior [ RunTime:0.013000s ]
INFO: [ view_parse ] --END-- [ RunTime:0.013000s ]
INFO: [ view_filter ] --START--
INFO: Run Behavior\WriteHtmlCacheBehavior [ RunTime:0.000000s ]
INFO: Run Behavior\TokenBuildBehavior [ RunTime:0.001000s ]
INFO: [ view_filter ] --END-- [ RunTime:0.001000s ]
INFO: [ app_end ] --START--
INFO: Run Behavior\ShowPageTraceBehavior [ RunTime:0.001000s ]
INFO: [ app_end ] --END-- [ RunTime:0.001000s ]

[ 2014-08-11T21:11:01+08:00 ] 127.0.0.1 /index.php/Gii/Recommend/lst.html
INFO: [ app_init ] --START--
INFO: Run Behavior\BuildLiteBehavior [ RunTime:0.000000s ]
INFO: [ app_init ] --END-- [ RunTime:0.001000s ]
INFO: [ app_begin ] --START--
INFO: Run Behavior\ReadHtmlCacheBehavior [ RunTime:0.001001s ]
INFO: [ app_begin ] --END-- [ RunTime:0.001001s ]
SQL: SHOW COLUMNS FROM `sh_recommend` [ RunTime:0.009000s ]
NOTIC: [2] Invalid argument supplied for foreach() F:\php0212\zj\ThinkPHP\Library\Think\Db.class.php 第 429 行.
SQL: SELECT COUNT(*) AS tp_count FROM `sh_recommend` LIMIT 1   [ RunTime:0.001000s ]
NOTIC: [2] Invalid argument supplied for foreach() F:\php0212\zj\ThinkPHP\Library\Think\Db.class.php 第 429 行.
SQL: SELECT * FROM `sh_recommend` LIMIT 0,15   [ RunTime:0.002001s ]
INFO: [ view_parse ] --START--
INFO: [ template_filter ] --START--
INFO: Run Behavior\ContentReplaceBehavior [ RunTime:0.000000s ]
INFO: [ template_filter ] --END-- [ RunTime:0.000000s ]
INFO: Run Behavior\ParseTemplateBehavior [ RunTime:0.010000s ]
INFO: [ view_parse ] --END-- [ RunTime:0.010000s ]
INFO: [ view_filter ] --START--
INFO: Run Behavior\WriteHtmlCacheBehavior [ RunTime:0.001000s ]
INFO: Run Behavior\TokenBuildBehavior [ RunTime:0.001000s ]
INFO: [ view_filter ] --END-- [ RunTime:0.002000s ]
INFO: [ app_end ] --START--
INFO: Run Behavior\ShowPageTraceBehavior [ RunTime:0.001000s ]
INFO: [ app_end ] --END-- [ RunTime:0.001000s ]

[ 2014-08-11T21:11:08+08:00 ] 127.0.0.1 /index.php/Gii/ShopConfig/config.html
INFO: [ app_init ] --START--
INFO: Run Behavior\BuildLiteBehavior [ RunTime:0.000000s ]
INFO: [ app_init ] --END-- [ RunTime:0.000000s ]
INFO: [ app_begin ] --START--
INFO: Run Behavior\ReadHtmlCacheBehavior [ RunTime:0.000000s ]
INFO: [ app_begin ] --END-- [ RunTime:0.000000s ]
SQL: SHOW COLUMNS FROM `sh_shop_config` [ RunTime:0.011001s ]
SQL: SELECT * FROM `sh_shop_config`  [ RunTime:0.001000s ]
INFO: [ view_parse ] --START--
INFO: [ template_filter ] --START--
INFO: Run Behavior\ContentReplaceBehavior [ RunTime:0.000000s ]
INFO: [ template_filter ] --END-- [ RunTime:0.000000s ]
INFO: Run Behavior\ParseTemplateBehavior [ RunTime:0.034002s ]
INFO: [ view_parse ] --END-- [ RunTime:0.035002s ]
INFO: [ view_filter ] --START--
INFO: Run Behavior\WriteHtmlCacheBehavior [ RunTime:0.000000s ]
INFO: Run Behavior\TokenBuildBehavior [ RunTime:0.001000s ]
INFO: [ view_filter ] --END-- [ RunTime:0.002000s ]
INFO: [ app_end ] --START--
INFO: Run Behavior\ShowPageTraceBehavior [ RunTime:0.002000s ]
INFO: [ app_end ] --END-- [ RunTime:0.002000s ]

[ 2014-08-11T21:11:12+08:00 ] 127.0.0.1 /index.php/Goods/Goods/lst.html
INFO: [ app_init ] --START--
INFO: Run Behavior\BuildLiteBehavior [ RunTime:0.000000s ]
INFO: [ app_init ] --END-- [ RunTime:0.001000s ]
INFO: [ app_begin ] --START--
INFO: Run Behavior\ReadHtmlCacheBehavior [ RunTime:0.000000s ]
INFO: [ app_begin ] --END-- [ RunTime:0.000000s ]
SQL: SHOW COLUMNS FROM `sh_goods` [ RunTime:0.007001s ]
NOTIC: [2] Invalid argument supplied for foreach() F:\php0212\zj\ThinkPHP\Library\Think\Db.class.php 第 429 行.
SQL: SELECT COUNT(*) AS tp_count FROM `sh_goods` LIMIT 1   [ RunTime:0.001000s ]
NOTIC: [2] Invalid argument supplied for foreach() F:\php0212\zj\ThinkPHP\Library\Think\Db.class.php 第 429 行.
SQL: SELECT a.*,SUM(b.goods_number) gn FROM sh_goods a LEFT JOIN sh_product b ON a.id=b.goods_id  GROUP BY a.id LIMIT 0,15   [ RunTime:0.009000s ]
INFO: [ view_parse ] --START--
INFO: [ template_filter ] --START--
INFO: Run Behavior\ContentReplaceBehavior [ RunTime:0.000000s ]
INFO: [ template_filter ] --END-- [ RunTime:0.000000s ]
INFO: Run Behavior\ParseTemplateBehavior [ RunTime:0.012000s ]
INFO: [ view_parse ] --END-- [ RunTime:0.013000s ]
INFO: [ view_filter ] --START--
INFO: Run Behavior\WriteHtmlCacheBehavior [ RunTime:0.000000s ]
INFO: Run Behavior\TokenBuildBehavior [ RunTime:0.001000s ]
INFO: [ view_filter ] --END-- [ RunTime:0.001000s ]
INFO: [ app_end ] --START--
INFO: Run Behavior\ShowPageTraceBehavior [ RunTime:0.001000s ]
INFO: [ app_end ] --END-- [ RunTime:0.001000s ]

[ 2014-08-11T21:11:15+08:00 ] 127.0.0.1 /index.php/Goods/Goods/add
INFO: [ app_init ] --START--
INFO: Run Behavior\BuildLiteBehavior [ RunTime:0.000000s ]
INFO: [ app_init ] --END-- [ RunTime:0.000000s ]
INFO: [ app_begin ] --START--
INFO: Run Behavior\ReadHtmlCacheBehavior [ RunTime:0.000000s ]
INFO: [ app_begin ] --END-- [ RunTime:0.000000s ]
SQL: SHOW COLUMNS FROM `sh_category` [ RunTime:0.010000s ]
SQL: SELECT * FROM `sh_category`  [ RunTime:0.001000s ]
SQL: SHOW COLUMNS FROM `sh_brand` [ RunTime:0.010001s ]
SQL: SELECT * FROM `sh_brand`  [ RunTime:0.001000s ]
SQL: SHOW COLUMNS FROM `sh_member_level` [ RunTime:0.008000s ]
SQL: SELECT * FROM `sh_member_level`  [ RunTime:0.001000s ]
SQL: SHOW COLUMNS FROM `sh_type` [ RunTime:0.009001s ]
SQL: SELECT * FROM `sh_type`  [ RunTime:0.002000s ]
SQL: SHOW COLUMNS FROM `sh_recommend` [ RunTime:0.008001s ]
SQL: SELECT * FROM `sh_recommend` WHERE ( rec_type='商品' )  [ RunTime:0.002000s ]
INFO: [ view_parse ] --START--
INFO: [ template_filter ] --START--
INFO: Run Behavior\ContentReplaceBehavior [ RunTime:0.001000s ]
INFO: [ template_filter ] --END-- [ RunTime:0.001000s ]
INFO: Run Behavior\ParseTemplateBehavior [ RunTime:0.037002s ]
INFO: [ view_parse ] --END-- [ RunTime:0.037002s ]
INFO: [ view_filter ] --START--
INFO: Run Behavior\WriteHtmlCacheBehavior [ RunTime:0.000000s ]
INFO: Run Behavior\TokenBuildBehavior [ RunTime:0.001000s ]
INFO: [ view_filter ] --END-- [ RunTime:0.001000s ]
INFO: [ app_end ] --START--
INFO: Run Behavior\ShowPageTraceBehavior [ RunTime:0.002000s ]
INFO: [ app_end ] --END-- [ RunTime:0.002000s ]

[ 2014-08-11T21:18:16+08:00 ] 127.0.0.1 /index.php/Goods/Brand/lst.html
INFO: [ app_init ] --START--
INFO: Run Behavior\BuildLiteBehavior [ RunTime:0.000000s ]
INFO: [ app_init ] --END-- [ RunTime:0.001000s ]
INFO: [ app_begin ] --START--
INFO: Run Behavior\ReadHtmlCacheBehavior [ RunTime:0.003001s ]
INFO: [ app_begin ] --END-- [ RunTime:0.003001s ]
SQL: SHOW COLUMNS FROM `sh_brand` [ RunTime:0.065003s ]
NOTIC: [2] Invalid argument supplied for foreach() F:\php0212\zj\ThinkPHP\Library\Think\Db.class.php 第 429 行.
SQL: SELECT COUNT(*) AS tp_count FROM `sh_brand` LIMIT 1   [ RunTime:0.000000s ]
NOTIC: [2] Invalid argument supplied for foreach() F:\php0212\zj\ThinkPHP\Library\Think\Db.class.php 第 429 行.
SQL: SELECT * FROM `sh_brand` LIMIT 0,15   [ RunTime:0.001000s ]
INFO: [ view_parse ] --START--
INFO: [ template_filter ] --START--
INFO: Run Behavior\ContentReplaceBehavior [ RunTime:0.000000s ]
INFO: [ template_filter ] --END-- [ RunTime:0.000000s ]
INFO: Run Behavior\ParseTemplateBehavior [ RunTime:0.013000s ]
INFO: [ view_parse ] --END-- [ RunTime:0.013000s ]
INFO: [ view_filter ] --START--
INFO: Run Behavior\WriteHtmlCacheBehavior [ RunTime:0.001000s ]
INFO: Run Behavior\TokenBuildBehavior [ RunTime:0.001000s ]
INFO: [ view_filter ] --END-- [ RunTime:0.002000s ]
INFO: [ app_end ] --START--
INFO: Run Behavior\ShowPageTraceBehavior [ RunTime:0.002001s ]
INFO: [ app_end ] --END-- [ RunTime:0.002001s ]

[ 2014-08-11T21:18:21+08:00 ] 127.0.0.1 /index.php/Goods/Type/lst.html
INFO: [ app_init ] --START--
INFO: Run Behavior\BuildLiteBehavior [ RunTime:0.000000s ]
INFO: [ app_init ] --END-- [ RunTime:0.001000s ]
INFO: [ app_begin ] --START--
INFO: Run Behavior\ReadHtmlCacheBehavior [ RunTime:0.001000s ]
INFO: [ app_begin ] --END-- [ RunTime:0.001000s ]
SQL: SHOW COLUMNS FROM `sh_type` [ RunTime:0.008001s ]
NOTIC: [2] Invalid argument supplied for foreach() F:\php0212\zj\ThinkPHP\Library\Think\Db.class.php 第 429 行.
SQL: SELECT COUNT(*) AS tp_count FROM `sh_type` LIMIT 1   [ RunTime:0.000000s ]
NOTIC: [2] Invalid argument supplied for foreach() F:\php0212\zj\ThinkPHP\Library\Think\Db.class.php 第 429 行.
SQL: SELECT * FROM `sh_type` LIMIT 0,15   [ RunTime:0.001000s ]
INFO: [ view_parse ] --START--
INFO: [ template_filter ] --START--
INFO: Run Behavior\ContentReplaceBehavior [ RunTime:0.000000s ]
INFO: [ template_filter ] --END-- [ RunTime:0.000000s ]
INFO: Run Behavior\ParseTemplateBehavior [ RunTime:0.010000s ]
INFO: [ view_parse ] --END-- [ RunTime:0.010000s ]
INFO: [ view_filter ] --START--
INFO: Run Behavior\WriteHtmlCacheBehavior [ RunTime:0.001001s ]
INFO: Run Behavior\TokenBuildBehavior [ RunTime:0.000000s ]
INFO: [ view_filter ] --END-- [ RunTime:0.002001s ]
INFO: [ app_end ] --START--
INFO: Run Behavior\ShowPageTraceBehavior [ RunTime:0.002000s ]
INFO: [ app_end ] --END-- [ RunTime:0.002000s ]

[ 2014-08-11T21:18:24+08:00 ] 127.0.0.1 /index.php/Goods/Type/add
INFO: [ app_init ] --START--
INFO: Run Behavior\BuildLiteBehavior [ RunTime:0.000000s ]
INFO: [ app_init ] --END-- [ RunTime:0.000000s ]
INFO: [ app_begin ] --START--
INFO: Run Behavior\ReadHtmlCacheBehavior [ RunTime:0.001000s ]
INFO: [ app_begin ] --END-- [ RunTime:0.001000s ]
INFO: [ view_parse ] --START--
INFO: [ template_filter ] --START--
INFO: Run Behavior\ContentReplaceBehavior [ RunTime:0.000000s ]
INFO: [ template_filter ] --END-- [ RunTime:0.000000s ]
INFO: Run Behavior\ParseTemplateBehavior [ RunTime:0.085004s ]
INFO: [ view_parse ] --END-- [ RunTime:0.085004s ]
INFO: [ view_filter ] --START--
INFO: Run Behavior\WriteHtmlCacheBehavior [ RunTime:0.001001s ]
INFO: Run Behavior\TokenBuildBehavior [ RunTime:0.000000s ]
INFO: [ view_filter ] --END-- [ RunTime:0.001001s ]
INFO: [ app_end ] --START--
INFO: Run Behavior\ShowPageTraceBehavior [ RunTime:0.002000s ]
INFO: [ app_end ] --END-- [ RunTime:0.002000s ]

[ 2014-08-11T21:18:34+08:00 ] 127.0.0.1 /index.php/Goods/Type/lst.html
INFO: [ app_init ] --START--
INFO: Run Behavior\BuildLiteBehavior [ RunTime:0.000000s ]
INFO: [ app_init ] --END-- [ RunTime:0.001000s ]
INFO: [ app_begin ] --START--
INFO: Run Behavior\ReadHtmlCacheBehavior [ RunTime:0.001000s ]
INFO: [ app_begin ] --END-- [ RunTime:0.001000s ]
SQL: SHOW COLUMNS FROM `sh_type` [ RunTime:0.009000s ]
NOTIC: [2] Invalid argument supplied for foreach() F:\php0212\zj\ThinkPHP\Library\Think\Db.class.php 第 429 行.
SQL: SELECT COUNT(*) AS tp_count FROM `sh_type` LIMIT 1   [ RunTime:0.000000s ]
NOTIC: [2] Invalid argument supplied for foreach() F:\php0212\zj\ThinkPHP\Library\Think\Db.class.php 第 429 行.
SQL: SELECT * FROM `sh_type` LIMIT 0,15   [ RunTime:0.001000s ]
INFO: [ view_parse ] --START--
INFO: [ template_filter ] --START--
INFO: Run Behavior\ContentReplaceBehavior [ RunTime:0.001000s ]
INFO: [ template_filter ] --END-- [ RunTime:0.001000s ]
INFO: Run Behavior\ParseTemplateBehavior [ RunTime:0.010001s ]
INFO: [ view_parse ] --END-- [ RunTime:0.010001s ]
INFO: [ view_filter ] --START--
INFO: Run Behavior\WriteHtmlCacheBehavior [ RunTime:0.000000s ]
INFO: Run Behavior\TokenBuildBehavior [ RunTime:0.001000s ]
INFO: [ view_filter ] --END-- [ RunTime:0.001000s ]
INFO: [ app_end ] --START--
INFO: Run Behavior\ShowPageTraceBehavior [ RunTime:0.001000s ]
INFO: [ app_end ] --END-- [ RunTime:0.001000s ]

[ 2014-08-11T21:18:37+08:00 ] 127.0.0.1 /index.php/Goods/Type/add
INFO: [ app_init ] --START--
INFO: Run Behavior\BuildLiteBehavior [ RunTime:0.000000s ]
INFO: [ app_init ] --END-- [ RunTime:0.000000s ]
INFO: [ app_begin ] --START--
INFO: Run Behavior\ReadHtmlCacheBehavior [ RunTime:0.001000s ]
INFO: [ app_begin ] --END-- [ RunTime:0.001000s ]
INFO: [ view_parse ] --START--
INFO: [ template_filter ] --START--
INFO: Run Behavior\ContentReplaceBehavior [ RunTime:0.000000s ]
INFO: [ template_filter ] --END-- [ RunTime:0.000000s ]
INFO: Run Behavior\ParseTemplateBehavior [ RunTime:0.009001s ]
INFO: [ view_parse ] --END-- [ RunTime:0.009001s ]
INFO: [ view_filter ] --START--
INFO: Run Behavior\WriteHtmlCacheBehavior [ RunTime:0.000000s ]
INFO: Run Behavior\TokenBuildBehavior [ RunTime:0.001000s ]
INFO: [ view_filter ] --END-- [ RunTime:0.002000s ]
INFO: [ app_end ] --START--
INFO: Run Behavior\ShowPageTraceBehavior [ RunTime:0.001000s ]
INFO: [ app_end ] --END-- [ RunTime:0.001000s ]

[ 2014-08-11T21:18:43+08:00 ] 127.0.0.1 /index.php/Goods/Type/add
INFO: [ app_init ] --START--
INFO: Run Behavior\BuildLiteBehavior [ RunTime:0.000000s ]
INFO: [ app_init ] --END-- [ RunTime:0.001000s ]
INFO: [ app_begin ] --START--
INFO: Run Behavior\ReadHtmlCacheBehavior [ RunTime:0.001000s ]
INFO: [ app_begin ] --END-- [ RunTime:0.001000s ]
SQL: SHOW COLUMNS FROM `sh_type` [ RunTime:0.046003s ]
SQL: INSERT INTO `sh_type` (`type_name`) VALUES ('电视') [ RunTime:0.000000s ]
INFO: [ view_parse ] --START--
INFO: [ template_filter ] --START--
INFO: Run Behavior\ContentReplaceBehavior [ RunTime:0.000000s ]
INFO: [ template_filter ] --END-- [ RunTime:0.000000s ]
INFO: Run Behavior\ParseTemplateBehavior [ RunTime:0.054003s ]
INFO: [ view_parse ] --END-- [ RunTime:0.054003s ]
INFO: [ view_filter ] --START--
INFO: Run Behavior\WriteHtmlCacheBehavior [ RunTime:0.000000s ]
INFO: Run Behavior\TokenBuildBehavior [ RunTime:0.001000s ]
INFO: [ view_filter ] --END-- [ RunTime:0.001000s ]

[ 2014-08-11T21:18:44+08:00 ] 127.0.0.1 /index.php/Goods/Type/lst.html
INFO: [ app_init ] --START--
INFO: Run Behavior\BuildLiteBehavior [ RunTime:0.000000s ]
INFO: [ app_init ] --END-- [ RunTime:0.001000s ]
INFO: [ app_begin ] --START--
INFO: Run Behavior\ReadHtmlCacheBehavior [ RunTime:0.001000s ]
INFO: [ app_begin ] --END-- [ RunTime:0.001000s ]
SQL: SHOW COLUMNS FROM `sh_type` [ RunTime:0.008001s ]
NOTIC: [2] Invalid argument supplied for foreach() F:\php0212\zj\ThinkPHP\Library\Think\Db.class.php 第 429 行.
SQL: SELECT COUNT(*) AS tp_count FROM `sh_type` LIMIT 1   [ RunTime:0.000000s ]
NOTIC: [2] Invalid argument supplied for foreach() F:\php0212\zj\ThinkPHP\Library\Think\Db.class.php 第 429 行.
SQL: SELECT * FROM `sh_type` LIMIT 0,15   [ RunTime:0.001000s ]
INFO: [ view_parse ] --START--
INFO: [ template_filter ] --START--
INFO: Run Behavior\ContentReplaceBehavior [ RunTime:0.000000s ]
INFO: [ template_filter ] --END-- [ RunTime:0.000000s ]
INFO: Run Behavior\ParseTemplateBehavior [ RunTime:0.010001s ]
INFO: [ view_parse ] --END-- [ RunTime:0.010001s ]
INFO: [ view_filter ] --START--
INFO: Run Behavior\WriteHtmlCacheBehavior [ RunTime:0.001000s ]
INFO: Run Behavior\TokenBuildBehavior [ RunTime:0.000000s ]
INFO: [ view_filter ] --END-- [ RunTime:0.001000s ]
INFO: [ app_end ] --START--
INFO: Run Behavior\ShowPageTraceBehavior [ RunTime:0.002000s ]
INFO: [ app_end ] --END-- [ RunTime:0.002000s ]

[ 2014-08-11T21:18:49+08:00 ] 127.0.0.1 /index.php/Goods/Attribute/lst/type_id/7
INFO: [ app_init ] --START--
INFO: Run Behavior\BuildLiteBehavior [ RunTime:0.000000s ]
INFO: [ app_init ] --END-- [ RunTime:0.001000s ]
INFO: [ app_begin ] --START--
INFO: Run Behavior\ReadHtmlCacheBehavior [ RunTime:0.001000s ]
INFO: [ app_begin ] --END-- [ RunTime:0.001000s ]
SQL: SHOW COLUMNS FROM `sh_attribute` [ RunTime:0.008000s ]
SQL: SELECT COUNT(*) AS tp_count FROM `sh_attribute` WHERE ( type_id=7 ) LIMIT 1   [ RunTime:0.001000s ]
SQL: SELECT * FROM `sh_attribute` WHERE ( type_id=7 ) LIMIT 0,15   [ RunTime:0.001000s ]
SQL: SHOW COLUMNS FROM `sh_type` [ RunTime:0.008001s ]
SQL: SELECT * FROM `sh_type`  [ RunTime:0.001000s ]
INFO: [ view_parse ] --START--
INFO: [ template_filter ] --START--
INFO: Run Behavior\ContentReplaceBehavior [ RunTime:0.000000s ]
INFO: [ template_filter ] --END-- [ RunTime:0.000000s ]
NOTIC: [2] Invalid argument supplied for foreach() F:\php0212\zj\Application\Runtime\Cache\Goods\6f621f1ffc03cf2a161188c33dd614da.php 第 36 行.
INFO: Run Behavior\ParseTemplateBehavior [ RunTime:0.035002s ]
INFO: [ view_parse ] --END-- [ RunTime:0.036002s ]
INFO: [ view_filter ] --START--
INFO: Run Behavior\WriteHtmlCacheBehavior [ RunTime:0.000000s ]
INFO: Run Behavior\TokenBuildBehavior [ RunTime:0.001000s ]
INFO: [ view_filter ] --END-- [ RunTime:0.001000s ]
INFO: [ app_end ] --START--
INFO: Run Behavior\ShowPageTraceBehavior [ RunTime:0.001000s ]
INFO: [ app_end ] --END-- [ RunTime:0.001000s ]

[ 2014-08-11T21:18:52+08:00 ] 127.0.0.1 /index.php/Goods/Attribute/add/type_id/7
INFO: [ app_init ] --START--
INFO: Run Behavior\BuildLiteBehavior [ RunTime:0.000000s ]
INFO: [ app_init ] --END-- [ RunTime:0.001000s ]
INFO: [ app_begin ] --START--
INFO: Run Behavior\ReadHtmlCacheBehavior [ RunTime:0.001000s ]
INFO: [ app_begin ] --END-- [ RunTime:0.001000s ]
INFO: [ view_parse ] --START--
INFO: [ template_filter ] --START--
INFO: Run Behavior\ContentReplaceBehavior [ RunTime:0.001000s ]
INFO: [ template_filter ] --END-- [ RunTime:0.001000s ]
INFO: Run Behavior\ParseTemplateBehavior [ RunTime:0.012001s ]
INFO: [ view_parse ] --END-- [ RunTime:0.012001s ]
INFO: [ view_filter ] --START--
INFO: Run Behavior\WriteHtmlCacheBehavior [ RunTime:0.001000s ]
INFO: Run Behavior\TokenBuildBehavior [ RunTime:0.000000s ]
INFO: [ view_filter ] --END-- [ RunTime:0.002000s ]
INFO: [ app_end ] --START--
INFO: Run Behavior\ShowPageTraceBehavior [ RunTime:0.002000s ]
INFO: [ app_end ] --END-- [ RunTime:0.002000s ]

[ 2014-08-11T21:19:17+08:00 ] 127.0.0.1 /index.php/Goods/Attribute/add/type_id/7
INFO: [ app_init ] --START--
INFO: Run Behavior\BuildLiteBehavior [ RunTime:0.000000s ]
INFO: [ app_init ] --END-- [ RunTime:0.001000s ]
INFO: [ app_begin ] --START--
INFO: Run Behavior\ReadHtmlCacheBehavior [ RunTime:0.000000s ]
INFO: [ app_begin ] --END-- [ RunTime:0.000000s ]
SQL: SHOW COLUMNS FROM `sh_attribute` [ RunTime:0.007000s ]
SQL: INSERT INTO `sh_attribute` (`type_id`,`attr_name`,`attr_type`,`attr_values`) VALUES (7,'屏幕','单选','22,34,56') [ RunTime:0.002001s ]
INFO: [ view_parse ] --START--
INFO: [ template_filter ] --START--
INFO: Run Behavior\ContentReplaceBehavior [ RunTime:0.000000s ]
INFO: [ template_filter ] --END-- [ RunTime:0.000000s ]
INFO: Run Behavior\ParseTemplateBehavior [ RunTime:0.010000s ]
INFO: [ view_parse ] --END-- [ RunTime:0.010000s ]
INFO: [ view_filter ] --START--
INFO: Run Behavior\WriteHtmlCacheBehavior [ RunTime:0.001000s ]
INFO: Run Behavior\TokenBuildBehavior [ RunTime:0.001000s ]
INFO: [ view_filter ] --END-- [ RunTime:0.002000s ]

[ 2014-08-11T21:19:18+08:00 ] 127.0.0.1 /index.php/Goods/Attribute/lst/type_id/7.html
INFO: [ app_init ] --START--
INFO: Run Behavior\BuildLiteBehavior [ RunTime:0.000000s ]
INFO: [ app_init ] --END-- [ RunTime:0.001001s ]
INFO: [ app_begin ] --START--
INFO: Run Behavior\ReadHtmlCacheBehavior [ RunTime:0.001000s ]
INFO: [ app_begin ] --END-- [ RunTime:0.001000s ]
SQL: SHOW COLUMNS FROM `sh_attribute` [ RunTime:0.007000s ]
SQL: SELECT COUNT(*) AS tp_count FROM `sh_attribute` WHERE ( type_id=7 ) LIMIT 1   [ RunTime:0.000000s ]
SQL: SELECT * FROM `sh_attribute` WHERE ( type_id=7 ) LIMIT 0,15   [ RunTime:0.000000s ]
SQL: SHOW COLUMNS FROM `sh_type` [ RunTime:0.007001s ]
SQL: SELECT * FROM `sh_type`  [ RunTime:0.000000s ]
INFO: [ view_parse ] --START--
INFO: [ template_filter ] --START--
INFO: Run Behavior\ContentReplaceBehavior [ RunTime:0.000000s ]
INFO: [ template_filter ] --END-- [ RunTime:0.000000s ]
INFO: Run Behavior\ParseTemplateBehavior [ RunTime:0.011001s ]
INFO: [ view_parse ] --END-- [ RunTime:0.011001s ]
INFO: [ view_filter ] --START--
INFO: Run Behavior\WriteHtmlCacheBehavior [ RunTime:0.002000s ]
INFO: Run Behavior\TokenBuildBehavior [ RunTime:0.000000s ]
INFO: [ view_filter ] --END-- [ RunTime:0.003000s ]
INFO: [ app_end ] --START--
INFO: Run Behavior\ShowPageTraceBehavior [ RunTime:0.001000s ]
INFO: [ app_end ] --END-- [ RunTime:0.001000s ]

[ 2014-08-11T21:19:23+08:00 ] 127.0.0.1 /index.php/Goods/Attribute/add/type_id/7
INFO: [ app_init ] --START--
INFO: Run Behavior\BuildLiteBehavior [ RunTime:0.000000s ]
INFO: [ app_init ] --END-- [ RunTime:0.001000s ]
INFO: [ app_begin ] --START--
INFO: Run Behavior\ReadHtmlCacheBehavior [ RunTime:0.002001s ]
INFO: [ app_begin ] --END-- [ RunTime:0.002001s ]
INFO: [ view_parse ] --START--
INFO: [ template_filter ] --START--
INFO: Run Behavior\ContentReplaceBehavior [ RunTime:0.000000s ]
INFO: [ template_filter ] --END-- [ RunTime:0.000000s ]
INFO: Run Behavior\ParseTemplateBehavior [ RunTime:0.011000s ]
INFO: [ view_parse ] --END-- [ RunTime:0.011000s ]
INFO: [ view_filter ] --START--
INFO: Run Behavior\WriteHtmlCacheBehavior [ RunTime:0.001000s ]
INFO: Run Behavior\TokenBuildBehavior [ RunTime:0.000000s ]
INFO: [ view_filter ] --END-- [ RunTime:0.001000s ]
INFO: [ app_end ] --START--
INFO: Run Behavior\ShowPageTraceBehavior [ RunTime:0.002001s ]
INFO: [ app_end ] --END-- [ RunTime:0.002001s ]

[ 2014-08-11T21:19:37+08:00 ] 127.0.0.1 /index.php/Goods/Attribute/add/type_id/7
INFO: [ app_init ] --START--
INFO: Run Behavior\BuildLiteBehavior [ RunTime:0.000000s ]
INFO: [ app_init ] --END-- [ RunTime:0.000000s ]
INFO: [ app_begin ] --START--
INFO: Run Behavior\ReadHtmlCacheBehavior [ RunTime:0.001000s ]
INFO: [ app_begin ] --END-- [ RunTime:0.001000s ]
SQL: SHOW COLUMNS FROM `sh_attribute` [ RunTime:0.010001s ]
SQL: INSERT INTO `sh_attribute` (`type_id`,`attr_name`,`attr_type`,`attr_values`) VALUES (7,'生产日期','唯一','') [ RunTime:0.000000s ]
INFO: [ view_parse ] --START--
INFO: [ template_filter ] --START--
INFO: Run Behavior\ContentReplaceBehavior [ RunTime:0.000000s ]
INFO: [ template_filter ] --END-- [ RunTime:0.000000s ]
INFO: Run Behavior\ParseTemplateBehavior [ RunTime:0.010000s ]
INFO: [ view_parse ] --END-- [ RunTime:0.010000s ]
INFO: [ view_filter ] --START--
INFO: Run Behavior\WriteHtmlCacheBehavior [ RunTime:0.001000s ]
INFO: Run Behavior\TokenBuildBehavior [ RunTime:0.001000s ]
INFO: [ view_filter ] --END-- [ RunTime:0.002000s ]

[ 2014-08-11T21:19:38+08:00 ] 127.0.0.1 /index.php/Goods/Attribute/lst/type_id/7.html
INFO: [ app_init ] --START--
INFO: Run Behavior\BuildLiteBehavior [ RunTime:0.000000s ]
INFO: [ app_init ] --END-- [ RunTime:0.001000s ]
INFO: [ app_begin ] --START--
INFO: Run Behavior\ReadHtmlCacheBehavior [ RunTime:0.001000s ]
INFO: [ app_begin ] --END-- [ RunTime:0.001000s ]
SQL: SHOW COLUMNS FROM `sh_attribute` [ RunTime:0.007001s ]
SQL: SELECT COUNT(*) AS tp_count FROM `sh_attribute` WHERE ( type_id=7 ) LIMIT 1   [ RunTime:0.003000s ]
SQL: SELECT * FROM `sh_attribute` WHERE ( type_id=7 ) LIMIT 0,15   [ RunTime:0.002000s ]
SQL: SHOW COLUMNS FROM `sh_type` [ RunTime:0.011001s ]
SQL: SELECT * FROM `sh_type`  [ RunTime:0.001000s ]
INFO: [ view_parse ] --START--
INFO: [ template_filter ] --START--
INFO: Run Behavior\ContentReplaceBehavior [ RunTime:0.000000s ]
INFO: [ template_filter ] --END-- [ RunTime:0.000000s ]
INFO: Run Behavior\ParseTemplateBehavior [ RunTime:0.014001s ]
INFO: [ view_parse ] --END-- [ RunTime:0.014001s ]
INFO: [ view_filter ] --START--
INFO: Run Behavior\WriteHtmlCacheBehavior [ RunTime:0.000000s ]
INFO: Run Behavior\TokenBuildBehavior [ RunTime:0.001000s ]
INFO: [ view_filter ] --END-- [ RunTime:0.001000s ]
INFO: [ app_end ] --START--
INFO: Run Behavior\ShowPageTraceBehavior [ RunTime:0.002000s ]
INFO: [ app_end ] --END-- [ RunTime:0.002000s ]

[ 2014-08-11T21:28:17+08:00 ] 127.0.0.1 /index.php/Goods/Brand/lst.html
INFO: [ app_init ] --START--
INFO: Run Behavior\BuildLiteBehavior [ RunTime:0.000000s ]
INFO: [ app_init ] --END-- [ RunTime:0.000000s ]
INFO: [ app_begin ] --START--
INFO: Run Behavior\ReadHtmlCacheBehavior [ RunTime:0.001000s ]
INFO: [ app_begin ] --END-- [ RunTime:0.001000s ]
SQL: SHOW COLUMNS FROM `sh_brand` [ RunTime:0.009001s ]
NOTIC: [2] Invalid argument supplied for foreach() F:\php0212\zj\ThinkPHP\Library\Think\Db.class.php 第 429 行.
SQL: SELECT COUNT(*) AS tp_count FROM `sh_brand` LIMIT 1   [ RunTime:0.001000s ]
NOTIC: [2] Invalid argument supplied for foreach() F:\php0212\zj\ThinkPHP\Library\Think\Db.class.php 第 429 行.
SQL: SELECT * FROM `sh_brand` LIMIT 0,15   [ RunTime:0.000000s ]
INFO: [ view_parse ] --START--
INFO: [ template_filter ] --START--
INFO: Run Behavior\ContentReplaceBehavior [ RunTime:0.000000s ]
INFO: [ template_filter ] --END-- [ RunTime:0.000000s ]
INFO: Run Behavior\ParseTemplateBehavior [ RunTime:0.011001s ]
INFO: [ view_parse ] --END-- [ RunTime:0.011001s ]
INFO: [ view_filter ] --START--
INFO: Run Behavior\WriteHtmlCacheBehavior [ RunTime:0.001000s ]
INFO: Run Behavior\TokenBuildBehavior [ RunTime:0.001000s ]
INFO: [ view_filter ] --END-- [ RunTime:0.002000s ]
INFO: [ app_end ] --START--
INFO: Run Behavior\ShowPageTraceBehavior [ RunTime:0.002000s ]
INFO: [ app_end ] --END-- [ RunTime:0.002000s ]

[ 2014-08-11T21:28:20+08:00 ] 127.0.0.1 /index.php/Goods/Brand/add
INFO: [ app_init ] --START--
INFO: Run Behavior\BuildLiteBehavior [ RunTime:0.000000s ]
INFO: [ app_init ] --END-- [ RunTime:0.001000s ]
INFO: [ app_begin ] --START--
INFO: Run Behavior\ReadHtmlCacheBehavior [ RunTime:0.001000s ]
INFO: [ app_begin ] --END-- [ RunTime:0.001000s ]
INFO: [ view_parse ] --START--
INFO: [ template_filter ] --START--
INFO: Run Behavior\ContentReplaceBehavior [ RunTime:0.000000s ]
INFO: [ template_filter ] --END-- [ RunTime:0.000000s ]
INFO: Run Behavior\ParseTemplateBehavior [ RunTime:0.047003s ]
INFO: [ view_parse ] --END-- [ RunTime:0.047003s ]
INFO: [ view_filter ] --START--
INFO: Run Behavior\WriteHtmlCacheBehavior [ RunTime:0.001000s ]
INFO: Run Behavior\TokenBuildBehavior [ RunTime:0.000000s ]
INFO: [ view_filter ] --END-- [ RunTime:0.001000s ]
INFO: [ app_end ] --START--
INFO: Run Behavior\ShowPageTraceBehavior [ RunTime:0.002000s ]
INFO: [ app_end ] --END-- [ RunTime:0.002000s ]

[ 2014-08-11T21:39:41+08:00 ] 127.0.0.1 /index.php/Gii/Recommend/lst.html
INFO: [ app_init ] --START--
INFO: Run Behavior\BuildLiteBehavior [ RunTime:0.000000s ]
INFO: [ app_init ] --END-- [ RunTime:0.001001s ]
INFO: [ app_begin ] --START--
INFO: Run Behavior\ReadHtmlCacheBehavior [ RunTime:0.003000s ]
INFO: [ app_begin ] --END-- [ RunTime:0.003000s ]
SQL: SHOW COLUMNS FROM `sh_recommend` [ RunTime:0.010001s ]
NOTIC: [2] Invalid argument supplied for foreach() F:\php0212\zj\ThinkPHP\Library\Think\Db.class.php 第 429 行.
SQL: SELECT COUNT(*) AS tp_count FROM `sh_recommend` LIMIT 1   [ RunTime:0.000000s ]
NOTIC: [2] Invalid argument supplied for foreach() F:\php0212\zj\ThinkPHP\Library\Think\Db.class.php 第 429 行.
SQL: SELECT * FROM `sh_recommend` LIMIT 0,15   [ RunTime:0.001000s ]
INFO: [ view_parse ] --START--
INFO: [ template_filter ] --START--
INFO: Run Behavior\ContentReplaceBehavior [ RunTime:0.000000s ]
INFO: [ template_filter ] --END-- [ RunTime:0.000000s ]
INFO: Run Behavior\ParseTemplateBehavior [ RunTime:0.013001s ]
INFO: [ view_parse ] --END-- [ RunTime:0.013001s ]
INFO: [ view_filter ] --START--
INFO: Run Behavior\WriteHtmlCacheBehavior [ RunTime:0.001000s ]
INFO: Run Behavior\TokenBuildBehavior [ RunTime:0.001000s ]
INFO: [ view_filter ] --END-- [ RunTime:0.002000s ]
INFO: [ app_end ] --START--
INFO: Run Behavior\ShowPageTraceBehavior [ RunTime:0.001000s ]
INFO: [ app_end ] --END-- [ RunTime:0.001000s ]

[ 2014-08-11T21:39:51+08:00 ] 127.0.0.1 /index.php/Gii/Recommend/save/id/6
INFO: [ app_init ] --START--
INFO: Run Behavior\BuildLiteBehavior [ RunTime:0.000000s ]
INFO: [ app_init ] --END-- [ RunTime:0.002000s ]
INFO: [ app_begin ] --START--
INFO: Run Behavior\ReadHtmlCacheBehavior [ RunTime:0.000000s ]
INFO: [ app_begin ] --END-- [ RunTime:0.001000s ]
SQL: SHOW COLUMNS FROM `sh_recommend` [ RunTime:0.008001s ]
SQL: SELECT * FROM `sh_recommend` WHERE ( `id` = 6 ) LIMIT 1   [ RunTime:0.000000s ]
INFO: [ view_parse ] --START--
INFO: [ template_filter ] --START--
INFO: Run Behavior\ContentReplaceBehavior [ RunTime:0.000000s ]
INFO: [ template_filter ] --END-- [ RunTime:0.000000s ]
INFO: Run Behavior\ParseTemplateBehavior [ RunTime:0.080004s ]
INFO: [ view_parse ] --END-- [ RunTime:0.080004s ]
INFO: [ view_filter ] --START--
INFO: Run Behavior\WriteHtmlCacheBehavior [ RunTime:0.000000s ]
INFO: Run Behavior\TokenBuildBehavior [ RunTime:0.001001s ]
INFO: [ view_filter ] --END-- [ RunTime:0.001001s ]
INFO: [ app_end ] --START--
INFO: Run Behavior\ShowPageTraceBehavior [ RunTime:0.001000s ]
INFO: [ app_end ] --END-- [ RunTime:0.001000s ]

[ 2014-08-11T21:43:51+08:00 ] 127.0.0.1 /index.php/Gii/ShopConfig/config.html
INFO: [ app_init ] --START--
INFO: Run Behavior\BuildLiteBehavior [ RunTime:0.000000s ]
INFO: [ app_init ] --END-- [ RunTime:0.001000s ]
INFO: [ app_begin ] --START--
INFO: Run Behavior\ReadHtmlCacheBehavior [ RunTime:0.001000s ]
INFO: [ app_begin ] --END-- [ RunTime:0.001000s ]
SQL: SHOW COLUMNS FROM `sh_shop_config` [ RunTime:0.011001s ]
SQL: SELECT * FROM `sh_shop_config`  [ RunTime:0.001000s ]
INFO: [ view_parse ] --START--
INFO: [ template_filter ] --START--
INFO: Run Behavior\ContentReplaceBehavior [ RunTime:0.000000s ]
INFO: [ template_filter ] --END-- [ RunTime:0.000000s ]
INFO: Run Behavior\ParseTemplateBehavior [ RunTime:0.012000s ]
INFO: [ view_parse ] --END-- [ RunTime:0.012000s ]
INFO: [ view_filter ] --START--
INFO: Run Behavior\WriteHtmlCacheBehavior [ RunTime:0.000000s ]
INFO: Run Behavior\TokenBuildBehavior [ RunTime:0.000000s ]
INFO: [ view_filter ] --END-- [ RunTime:0.001001s ]
INFO: [ app_end ] --START--
INFO: Run Behavior\ShowPageTraceBehavior [ RunTime:0.001000s ]
INFO: [ app_end ] --END-- [ RunTime:0.002000s ]

[ 2014-08-11T21:46:31+08:00 ] 127.0.0.1 /index.php/Goods/Category/lst.html
INFO: [ app_init ] --START--
INFO: Run Behavior\BuildLiteBehavior [ RunTime:0.000000s ]
INFO: [ app_init ] --END-- [ RunTime:0.001000s ]
INFO: [ app_begin ] --START--
INFO: Run Behavior\ReadHtmlCacheBehavior [ RunTime:0.002000s ]
INFO: [ app_begin ] --END-- [ RunTime:0.002000s ]
SQL: SHOW COLUMNS FROM `sh_category` [ RunTime:0.008000s ]
SQL: SELECT * FROM `sh_category`  [ RunTime:0.000000s ]
INFO: [ view_parse ] --START--
INFO: [ template_filter ] --START--
INFO: Run Behavior\ContentReplaceBehavior [ RunTime:0.001000s ]
INFO: [ template_filter ] --END-- [ RunTime:0.001000s ]
INFO: Run Behavior\ParseTemplateBehavior [ RunTime:0.012001s ]
INFO: [ view_parse ] --END-- [ RunTime:0.012001s ]
INFO: [ view_filter ] --START--
INFO: Run Behavior\WriteHtmlCacheBehavior [ RunTime:0.001000s ]
INFO: Run Behavior\TokenBuildBehavior [ RunTime:0.001000s ]
INFO: [ view_filter ] --END-- [ RunTime:0.002000s ]
INFO: [ app_end ] --START--
INFO: Run Behavior\ShowPageTraceBehavior [ RunTime:0.001000s ]
INFO: [ app_end ] --END-- [ RunTime:0.002000s ]

[ 2014-08-11T21:46:37+08:00 ] 127.0.0.1 /index.php/Goods/Category/add
INFO: [ app_init ] --START--
INFO: Run Behavior\BuildLiteBehavior [ RunTime:0.000000s ]
INFO: [ app_init ] --END-- [ RunTime:0.001000s ]
INFO: [ app_begin ] --START--
INFO: Run Behavior\ReadHtmlCacheBehavior [ RunTime:0.001000s ]
INFO: [ app_begin ] --END-- [ RunTime:0.001000s ]
SQL: SHOW COLUMNS FROM `sh_category` [ RunTime:0.008000s ]
SQL: SELECT * FROM `sh_category`  [ RunTime:0.001000s ]
SQL: SHOW COLUMNS FROM `sh_recommend` [ RunTime:0.008001s ]
SQL: SELECT * FROM `sh_recommend` WHERE ( rec_type='分类' )  [ RunTime:0.001000s ]
INFO: [ view_parse ] --START--
INFO: [ template_filter ] --START--
INFO: Run Behavior\ContentReplaceBehavior [ RunTime:0.001000s ]
INFO: [ template_filter ] --END-- [ RunTime:0.001000s ]
INFO: Run Behavior\ParseTemplateBehavior [ RunTime:0.089005s ]
INFO: [ view_parse ] --END-- [ RunTime:0.089005s ]
INFO: [ view_filter ] --START--
INFO: Run Behavior\WriteHtmlCacheBehavior [ RunTime:0.001000s ]
INFO: Run Behavior\TokenBuildBehavior [ RunTime:0.002000s ]
INFO: [ view_filter ] --END-- [ RunTime:0.003000s ]
INFO: [ app_end ] --START--
INFO: Run Behavior\ShowPageTraceBehavior [ RunTime:0.001000s ]
INFO: [ app_end ] --END-- [ RunTime:0.001000s ]

[ 2014-08-11T21:46:43+08:00 ] 127.0.0.1 /index.php/Goods/Category/lst.html
INFO: [ app_init ] --START--
INFO: Run Behavior\BuildLiteBehavior [ RunTime:0.000000s ]
INFO: [ app_init ] --END-- [ RunTime:0.001000s ]
INFO: [ app_begin ] --START--
INFO: Run Behavior\ReadHtmlCacheBehavior [ RunTime:0.001000s ]
INFO: [ app_begin ] --END-- [ RunTime:0.001000s ]
SQL: SHOW COLUMNS FROM `sh_category` [ RunTime:0.008001s ]
SQL: SELECT * FROM `sh_category`  [ RunTime:0.001000s ]
INFO: [ view_parse ] --START--
INFO: [ template_filter ] --START--
INFO: Run Behavior\ContentReplaceBehavior [ RunTime:0.000000s ]
INFO: [ template_filter ] --END-- [ RunTime:0.000000s ]
INFO: Run Behavior\ParseTemplateBehavior [ RunTime:0.009000s ]
INFO: [ view_parse ] --END-- [ RunTime:0.010000s ]
INFO: [ view_filter ] --START--
INFO: Run Behavior\WriteHtmlCacheBehavior [ RunTime:0.000000s ]
INFO: Run Behavior\TokenBuildBehavior [ RunTime:0.001000s ]
INFO: [ view_filter ] --END-- [ RunTime:0.001000s ]
INFO: [ app_end ] --START--
INFO: Run Behavior\ShowPageTraceBehavior [ RunTime:0.001001s ]
INFO: [ app_end ] --END-- [ RunTime:0.002001s ]

[ 2014-08-11T21:46:45+08:00 ] 127.0.0.1 /index.php/Goods/Category/save/id/12
INFO: [ app_init ] --START--
INFO: Run Behavior\BuildLiteBehavior [ RunTime:0.000000s ]
INFO: [ app_init ] --END-- [ RunTime:0.000000s ]
INFO: [ app_begin ] --START--
INFO: Run Behavior\ReadHtmlCacheBehavior [ RunTime:0.001000s ]
INFO: [ app_begin ] --END-- [ RunTime:0.001000s ]
SQL: SHOW COLUMNS FROM `sh_category` [ RunTime:0.008000s ]
SQL: SELECT * FROM `sh_category`  [ RunTime:0.001000s ]
SQL: SELECT * FROM `sh_category` WHERE ( `id` = 12 ) LIMIT 1   [ RunTime:0.001000s ]
SQL: SHOW COLUMNS FROM `sh_recommend` [ RunTime:0.012000s ]
SQL: SELECT * FROM `sh_recommend` WHERE ( rec_type='分类' )  [ RunTime:0.001000s ]
SQL: SHOW COLUMNS FROM `sh_recommend_item` [ RunTime:0.008001s ]
SQL: SELECT GROUP_CONCAT(a.rec_id) rec_id FROM sh_recommend_item a LEFT JOIN sh_recommend b ON a.rec_id=b.id  WHERE ( a.value_id=12 AND b.rec_type="分类" )  [ RunTime:0.003000s ]
INFO: [ view_parse ] --START--
INFO: [ template_filter ] --START--
INFO: Run Behavior\ContentReplaceBehavior [ RunTime:0.001001s ]
INFO: [ template_filter ] --END-- [ RunTime:0.001001s ]
INFO: Run Behavior\ParseTemplateBehavior [ RunTime:0.081005s ]
INFO: [ view_parse ] --END-- [ RunTime:0.081005s ]
INFO: [ view_filter ] --START--
INFO: Run Behavior\WriteHtmlCacheBehavior [ RunTime:0.001000s ]
INFO: Run Behavior\TokenBuildBehavior [ RunTime:0.001000s ]
INFO: [ view_filter ] --END-- [ RunTime:0.002000s ]
INFO: [ app_end ] --START--
INFO: Run Behavior\ShowPageTraceBehavior [ RunTime:0.003000s ]
INFO: [ app_end ] --END-- [ RunTime:0.003000s ]

[ 2014-08-11T21:52:08+08:00 ] 127.0.0.1 /index.php/Goods/Goods/lst.html
INFO: [ app_init ] --START--
INFO: Run Behavior\BuildLiteBehavior [ RunTime:0.000000s ]
INFO: [ app_init ] --END-- [ RunTime:0.001000s ]
INFO: [ app_begin ] --START--
INFO: Run Behavior\ReadHtmlCacheBehavior [ RunTime:0.001001s ]
INFO: [ app_begin ] --END-- [ RunTime:0.001001s ]
SQL: SHOW COLUMNS FROM `sh_goods` [ RunTime:0.009001s ]
NOTIC: [2] Invalid argument supplied for foreach() F:\php0212\zj\ThinkPHP\Library\Think\Db.class.php 第 429 行.
SQL: SELECT COUNT(*) AS tp_count FROM `sh_goods` LIMIT 1   [ RunTime:0.001000s ]
NOTIC: [2] Invalid argument supplied for foreach() F:\php0212\zj\ThinkPHP\Library\Think\Db.class.php 第 429 行.
SQL: SELECT a.*,SUM(b.goods_number) gn FROM sh_goods a LEFT JOIN sh_product b ON a.id=b.goods_id  GROUP BY a.id LIMIT 0,15   [ RunTime:0.076004s ]
INFO: [ view_parse ] --START--
INFO: [ template_filter ] --START--
INFO: Run Behavior\ContentReplaceBehavior [ RunTime:0.000000s ]
INFO: [ template_filter ] --END-- [ RunTime:0.000000s ]
INFO: Run Behavior\ParseTemplateBehavior [ RunTime:0.013001s ]
INFO: [ view_parse ] --END-- [ RunTime:0.013001s ]
INFO: [ view_filter ] --START--
INFO: Run Behavior\WriteHtmlCacheBehavior [ RunTime:0.001000s ]
INFO: Run Behavior\TokenBuildBehavior [ RunTime:0.001000s ]
INFO: [ view_filter ] --END-- [ RunTime:0.002000s ]
INFO: [ app_end ] --START--
INFO: Run Behavior\ShowPageTraceBehavior [ RunTime:0.002000s ]
INFO: [ app_end ] --END-- [ RunTime:0.002000s ]

[ 2014-08-11T21:52:11+08:00 ] 127.0.0.1 /index.php/Goods/Goods/save/id/7
INFO: [ app_init ] --START--
INFO: Run Behavior\BuildLiteBehavior [ RunTime:0.000000s ]
INFO: [ app_init ] --END-- [ RunTime:0.001000s ]
INFO: [ app_begin ] --START--
INFO: Run Behavior\ReadHtmlCacheBehavior [ RunTime:0.003000s ]
INFO: [ app_begin ] --END-- [ RunTime:0.003000s ]
SQL: SHOW COLUMNS FROM `sh_goods` [ RunTime:0.008001s ]
SQL: SELECT * FROM `sh_goods` WHERE ( `id` = 7 ) LIMIT 1   [ RunTime:0.002000s ]
SQL: SHOW COLUMNS FROM `sh_category` [ RunTime:0.008001s ]
SQL: SELECT * FROM `sh_category`  [ RunTime:0.001000s ]
SQL: SHOW COLUMNS FROM `sh_brand` [ RunTime:0.008000s ]
SQL: SELECT * FROM `sh_brand`  [ RunTime:0.001000s ]
SQL: SHOW COLUMNS FROM `sh_member_level` [ RunTime:0.010001s ]
SQL: SELECT * FROM `sh_member_level`  [ RunTime:0.001000s ]
SQL: SHOW COLUMNS FROM `sh_type` [ RunTime:0.011001s ]
SQL: SELECT * FROM `sh_type`  [ RunTime:0.001000s ]
SQL: SHOW COLUMNS FROM `sh_member_price` [ RunTime:0.008000s ]
SQL: SELECT * FROM `sh_member_price` WHERE ( goods_id=7 )  [ RunTime:0.001000s ]
SQL: SHOW COLUMNS FROM `sh_goods_pic` [ RunTime:0.009001s ]
SQL: SELECT * FROM `sh_goods_pic` WHERE ( goods_id=7 )  [ RunTime:0.001000s ]
SQL: SHOW COLUMNS FROM `sh_goods_attr` [ RunTime:0.008000s ]
SQL: SELECT * FROM `sh_goods_attr` WHERE ( goods_id=7 )  [ RunTime:0.002000s ]
SQL: SHOW COLUMNS FROM `sh_attribute` [ RunTime:0.008001s ]
SQL: SELECT * FROM `sh_attribute` WHERE ( type_id=4 )  [ RunTime:0.001000s ]
SQL: SHOW COLUMNS FROM `sh_recommend` [ RunTime:0.009000s ]
SQL: SELECT * FROM `sh_recommend` WHERE ( rec_type='商品' )  [ RunTime:0.001001s ]
SQL: SHOW COLUMNS FROM `sh_recommend_item` [ RunTime:0.008000s ]
SQL: SELECT GROUP_CONCAT(a.rec_id) rec_id FROM sh_recommend_item a LEFT JOIN sh_recommend b ON a.rec_id=b.id  WHERE ( a.value_id=7 AND b.rec_type="商品" )  [ RunTime:0.001000s ]
INFO: [ view_parse ] --START--
INFO: [ template_filter ] --START--
INFO: Run Behavior\ContentReplaceBehavior [ RunTime:0.001000s ]
INFO: [ template_filter ] --END-- [ RunTime:0.001000s ]
INFO: Run Behavior\ParseTemplateBehavior [ RunTime:0.017001s ]
INFO: [ view_parse ] --END-- [ RunTime:0.017001s ]
INFO: [ view_filter ] --START--
INFO: Run Behavior\WriteHtmlCacheBehavior [ RunTime:0.000000s ]
INFO: Run Behavior\TokenBuildBehavior [ RunTime:0.001000s ]
INFO: [ view_filter ] --END-- [ RunTime:0.001000s ]
INFO: [ app_end ] --START--
INFO: Run Behavior\ShowPageTraceBehavior [ RunTime:0.002000s ]
INFO: [ app_end ] --END-- [ RunTime:0.003000s ]

